2022-11-09 22:48:04 Using browser-only version of superagent in non-browser environment
2022-11-09 22:48:04 Configuring to accept webviews on '^.+\.webview\..+$' hostname.
2022-11-09 22:48:04 root INFO Configuration directory URI: 'file:///home/jasonshi/.theia'
2022-11-09 22:48:04 root INFO Backend Object.initialize: 7.3 ms [Finished 1.030 s after backend start]
2022-11-09 22:48:04 root INFO Backend Object.configure: 4.5 ms [Finished 1.030 s after backend start]
2022-11-09 22:48:04 root INFO Backend MessagingContribution.onStart: 1.4 ms [Finished 1.031 s after backend start]
2022-11-09 22:48:04 root INFO Backend OSBackendApplicationContribution.configure: 0.4 ms [Finished 1.066 s after backend start]
2022-11-09 22:48:04 root INFO Backend DefaultWorkspaceServer.onStart: 0.3 ms [Finished 1.066 s after backend start]
2022-11-09 22:48:04 root INFO Backend LocalizationBackendContribution.configure: 0.1 ms [Finished 1.066 s after backend start]
2022-11-09 22:48:04 root INFO Backend LocalizationBackendContribution.initialize: 35.8 ms [Finished 1.067 s after backend start]
2022-11-09 22:48:04 root INFO Backend TaskBackendApplicationContribution.onStart: 0.2 ms [Finished 1.067 s after backend start]
2022-11-09 22:48:04 root INFO Backend ElectronTokenBackendContribution.configure: 0.9 ms [Finished 1.068 s after backend start]
2022-11-09 22:48:04 root INFO Backend PluginDeployerContribution.initialize: 0.4 ms [Finished 1.068 s after backend start]
2022-11-09 22:48:04 root INFO Backend ConfigServiceImpl.onStart: 0.6 ms [Finished 1.068 s after backend start]
2022-11-09 22:48:04 root INFO Backend WebviewBackendSecurityWarnings.initialize: 0.3 ms [Finished 1.069 s after backend start]
2022-11-09 22:48:04 root INFO Backend ArduinoDaemonImpl.onStart: 0.7 ms [Finished 1.070 s after backend start]
2022-11-09 22:48:04 root INFO Backend NodeFileUploadService.configure: 1.4 ms [Finished 1.070 s after backend start]
2022-11-09 22:48:04 daemon INFO Starting daemon from /tmp/.mount_arduinKO845D/resources/app/node_modules/arduino-ide-extension/build/arduino-cli...
2022-11-09 22:48:04 discovery-log INFO start
2022-11-09 22:48:04 discovery-log INFO start new deferred
2022-11-09 22:48:04 root INFO Backend BoardDiscovery.onStart: 0.7 ms [Finished 1.071 s after backend start]
2022-11-09 22:48:04 root INFO Backend FileDownloadEndpoint.configure: 0.4 ms [Finished 1.071 s after backend start]
2022-11-09 22:48:04 root INFO Backend AuthenticationServiceImpl.onStart: 0.4 ms [Finished 1.072 s after backend start]
2022-11-09 22:48:04 root INFO Backend PluginApiContribution.configure: 0.4 ms [Finished 1.072 s after backend start]
2022-11-09 22:48:04 root INFO Backend HostedPluginReader.configure: 0.2 ms [Finished 1.072 s after backend start]
2022-11-09 22:48:04 root INFO Backend HostedPluginReader.configure: 0.1 ms [Finished 1.072 s after backend start]
2022-11-09 22:48:04 root INFO Backend PlotterBackendContribution.configure: 1.2 ms [Finished 1.074 s after backend start]
2022-11-09 22:48:04 root INFO Theia app listening on http://localhost:45477.
2022-11-09 22:48:04 root INFO Finished starting backend application: 4.0 ms [Finished 1.076 s after backend start]
2022-11-09 22:48:04 root WARN The local plugin referenced by local-dir:/home/jasonshi/.arduinoIDE/plugins does not exist.
2022-11-09 22:48:04 root WARN The local plugin referenced by local-dir:/home/jasonshi/.arduinoIDE/extensions does not exist.
2022-11-09 22:48:04 root WARN The local plugin referenced by local-dir:/home/jasonshi/.arduinoProIDE/plugins does not exist.
2022-11-09 22:48:04 root INFO PluginTheiaDirectoryHandler: accepting plugin with path
2022-11-09 22:48:04 root INFO Resolved "cortex-debug" to a VS Code extension "cortex-debug@0.3.10" with engines:
2022-11-09 22:48:04 root INFO PluginTheiaDirectoryHandler: accepting plugin with path
2022-11-09 22:48:04 root INFO Resolved "vscode-arduino-tools" to a VS Code extension "vscode-arduino-tools@0.0.2-beta.5" with engines:
2022-11-09 22:48:04 root INFO PluginTheiaDirectoryHandler: accepting plugin with path
2022-11-09 22:48:04 root INFO Resolved "vscode-builtin-cpp" to a VS Code extension "cpp@1.52.1" with engines:
2022-11-09 22:48:04 root INFO PluginTheiaDirectoryHandler: accepting plugin with path
2022-11-09 22:48:04 root INFO Resolved "vscode-builtin-json" to a VS Code extension "json@1.46.1" with engines:
2022-11-09 22:48:04 root INFO PluginTheiaDirectoryHandler: accepting plugin with path
2022-11-09 22:48:04 root INFO Resolved "vscode-builtin-json-language-features" to a VS Code extension "json-language-features@1.46.1" with engines:
2022-11-09 22:48:04 root INFO PluginTheiaDirectoryHandler: accepting plugin with path
2022-11-09 22:48:04 root INFO Resolved "vscode-language-pack-bg" to a VS Code extension "vscode-language-pack-bg@1.48.3" with engines:
2022-11-09 22:48:04 root INFO PluginTheiaDirectoryHandler: accepting plugin with path
2022-11-09 22:48:04 root INFO Resolved "vscode-language-pack-cs" to a VS Code extension "vscode-language-pack-cs@1.53.2" with engines:
2022-11-09 22:48:04 root INFO PluginTheiaDirectoryHandler: accepting plugin with path
2022-11-09 22:48:04 root INFO Resolved "vscode-language-pack-de" to a VS Code extension "vscode-language-pack-de@1.53.2" with engines:
2022-11-09 22:48:04 root INFO PluginTheiaDirectoryHandler: accepting plugin with path
2022-11-09 22:48:04 root INFO Resolved "vscode-language-pack-es" to a VS Code extension "vscode-language-pack-es@1.53.2" with engines:
2022-11-09 22:48:04 root INFO PluginTheiaDirectoryHandler: accepting plugin with path
2022-11-09 22:48:04 root INFO Resolved "vscode-language-pack-fr" to a VS Code extension "vscode-language-pack-fr@1.53.2" with engines:
2022-11-09 22:48:04 root INFO PluginTheiaDirectoryHandler: accepting plugin with path
2022-11-09 22:48:04 root INFO Resolved "vscode-language-pack-hu" to a VS Code extension "vscode-language-pack-hu@1.48.3" with engines:
2022-11-09 22:48:04 root INFO PluginTheiaDirectoryHandler: accepting plugin with path
2022-11-09 22:48:04 root INFO Resolved "vscode-language-pack-it" to a VS Code extension "vscode-language-pack-it@1.53.2" with engines:
2022-11-09 22:48:04 root INFO PluginTheiaDirectoryHandler: accepting plugin with path
2022-11-09 22:48:04 root INFO Resolved "vscode-language-pack-ja" to a VS Code extension "vscode-language-pack-ja@1.53.2" with engines:
2022-11-09 22:48:04 root INFO PluginTheiaDirectoryHandler: accepting plugin with path
2022-11-09 22:48:04 root INFO Resolved "vscode-language-pack-ko" to a VS Code extension "vscode-language-pack-ko@1.53.2" with engines:
2022-11-09 22:48:04 root INFO PluginTheiaDirectoryHandler: accepting plugin with path
2022-11-09 22:48:04 root INFO Resolved "vscode-language-pack-nl" to a VS Code extension "vscode-language-pack-nl@1.48.3" with engines:
2022-11-09 22:48:04 root INFO PluginTheiaDirectoryHandler: accepting plugin with path
2022-11-09 22:48:04 root INFO Resolved "vscode-language-pack-pl" to a VS Code extension "vscode-language-pack-pl@1.53.2" with engines:
2022-11-09 22:48:04 root INFO PluginTheiaDirectoryHandler: accepting plugin with path
2022-11-09 22:48:04 root INFO Resolved "vscode-language-pack-pt-BR" to a VS Code extension "vscode-language-pack-pt-BR@1.53.2" with engines:
2022-11-09 22:48:04 root INFO PluginTheiaDirectoryHandler: accepting plugin with path
2022-11-09 22:48:04 root INFO Resolved "vscode-language-pack-ru" to a VS Code extension "vscode-language-pack-ru@1.53.2" with engines:
2022-11-09 22:48:04 root INFO PluginTheiaDirectoryHandler: accepting plugin with path
2022-11-09 22:48:04 root INFO Resolved "vscode-language-pack-tr" to a VS Code extension "vscode-language-pack-tr@1.53.2" with engines:
2022-11-09 22:48:04 root INFO PluginTheiaDirectoryHandler: accepting plugin with path
2022-11-09 22:48:04 root INFO Resolved "vscode-language-pack-uk" to a VS Code extension "vscode-language-pack-uk@1.48.3" with engines:
2022-11-09 22:48:04 root INFO PluginTheiaDirectoryHandler: accepting plugin with path
2022-11-09 22:48:04 root INFO Resolved "vscode-language-pack-zh-hans" to a VS Code extension "vscode-language-pack-zh-hans@1.53.2" with engines:
2022-11-09 22:48:04 daemon INFO [36mINFO[0m[0000] Using config file: /home/jasonshi/.arduinoIDE/arduino-cli.yaml 
[36mINFO[0m[0000] arduino-cli version 0.28.0                   
[36mINFO[0m[0000] Executing `arduino-cli daemon`               

2022-11-09 22:48:04 daemon INFO {"IP":"127.0.0.1","Port":"35357"}

2022-11-09 22:48:04 daemon INFO Daemon is running.
2022-11-09 22:48:04 root INFO Resolve plugins list: 311.3 ms [Finished 1.382 s after backend start]
2022-11-09 22:48:04 root INFO Deployed backend plugin "cortex-debug@0.3.10" from "/tmp/.mount_arduinKO845D/resources/app/plugins/cortex-debug/extension/dist/extension": 11.9 ms [Finished 1.395 s after backend start]
2022-11-09 22:48:04 root INFO Deployed backend plugin "vscode-arduino-tools@0.0.2-beta.5" from "/tmp/.mount_arduinKO845D/resources/app/plugins/vscode-arduino-tools/extension/dist/bundle": 17.0 ms [Finished 1.412 s after backend start]
2022-11-09 22:48:04 daemon INFO [36mINFO[0m[0000] Loading hardware from: /home/jasonshi/.arduino15/packages 
[36mINFO[0m[0000] Loading package arduino from: /home/jasonshi/.arduino15/packages/arduino/hardware 

2022-11-09 22:48:04 root INFO Deployed backend plugin "cpp@1.52.1" from "/tmp/.mount_arduinKO845D/resources/app/plugins/vscode-builtin-cpp/extension": 14.4 ms [Finished 1.426 s after backend start]
2022-11-09 22:48:04 daemon INFO [36mINFO[0m[0000] Checking signature                            [36merror[0m="opening signature file: open /home/jasonshi/.arduino15/packages/arduino/hardware/avr/1.8.6/installed.json.sig: no such file or directory" [36mindex[0m=/home/jasonshi/.arduino15/packages/arduino/hardware/avr/1.8.6/installed.json [36msignatureFile[0m=/home/jasonshi/.arduino15/packages/arduino/hardware/avr/1.8.6/installed.json.sig
[36mINFO[0m[0000] Adding monitor tool                           [36mprotocol[0m=serial [36mtool[0m="builtin:serial-monitor"
[36mINFO[0m[0000] Loaded platform                               [36mplatform[0m="arduino:avr@1.8.6"
[36mINFO[0m[0000] Checking existence of 'tools' path: /home/jasonshi/.arduino15/packages/arduino/tools 
[36mINFO[0m[0000] Loading tools from dir: /home/jasonshi/.arduino15/packages/arduino/tools 
[36mINFO[0m[0000] Loaded tool                                   [36mtool[0m="arduino:arduinoOTA@1.3.0"
[36mINFO[0m[0000] Loaded tool                                   [36mtool[0m="arduino:avr-gcc@7.3.0-atmel3.6.1-arduino7"
[36mINFO[0m[0000] Loaded tool                                   [36mtool[0m="arduino:avrdude@6.3.0-arduino17"
[36mINFO[0m[0000] Loading package builtin from: /home/jasonshi/.arduino15/packages/builtin 
[36mINFO[0m[0000] Checking existence of 'tools' path: /home/jasonshi/.arduino15/packages/builtin/tools 
[36mINFO[0m[0000] Loading tools from dir: /home/jasonshi/.arduino15/packages/builtin/tools 
[36mINFO[0m[0000] Loaded tool                                   [36mtool[0m="builtin:ctags@5.8-arduino11"
[36mINFO[0m[0000] Loaded tool                                   [36mtool[0m="builtin:mdns-discovery@1.0.5"
[36mINFO[0m[0000] Loaded tool                                   [36mtool[0m="builtin:mdns-discovery@1.0.6"
[36mINFO[0m[0000] Loaded tool                                   [36mtool[0m="builtin:serial-discovery@1.3.2"
[36mINFO[0m[0000] Loaded tool                                   [36mtool[0m="builtin:serial-monitor@0.10.0"
[36mINFO[0m[0000] Loaded tool                                   [36mtool[0m="builtin:serial-monitor@0.9.1"
[36mINFO[0m[0000] Checking signature                            [36mindex[0m=/home/jasonshi/.arduino15/package_index.json [36msignatureFile[0m=/home/jasonshi/.arduino15/package_index.json.sig [36mtrusted[0m=true
[36mINFO[0m[0000] Adding libraries dir                          [36mdir[0m=/home/jasonshi/.arduino15/packages/arduino/hardware/avr/1.8.6/libraries [36mlocation[0m=platform
[36mINFO[0m[0000] Loading libraries index file                  [36mindex[0m=/home/jasonshi/.arduino15/library_index.json

2022-11-09 22:48:04 root INFO Deployed backend plugin "json@1.46.1" from "/tmp/.mount_arduinKO845D/resources/app/plugins/vscode-builtin-json/extension": 10.8 ms [Finished 1.437 s after backend start]
2022-11-09 22:48:04 root INFO Deployed backend plugin "json-language-features@1.46.1" from "/tmp/.mount_arduinKO845D/resources/app/plugins/vscode-builtin-json-language-features/extension/client/dist/jsonMain": 1.0 ms [Finished 1.438 s after backend start]
2022-11-09 22:48:05 root INFO Deployed backend plugin "vscode-language-pack-bg@1.48.3" from "/tmp/.mount_arduinKO845D/resources/app/plugins/vscode-language-pack-bg/extension": 286.3 ms [Finished 1.724 s after backend start]
2022-11-09 22:48:05 daemon INFO [36mINFO[0m[0000] Adding libraries dir                          [36mdir[0m=/home/jasonshi/.arduino15/libraries [36mlocation[0m=ide
[36mINFO[0m[0000] Adding libraries dir                          [36mdir[0m=/home/jasonshi/Arduino/libraries [36mlocation[0m=user

2022-11-09 22:48:05 discovery-log INFO start request start watch
2022-11-09 22:48:05 discovery-log INFO start requested start watch
2022-11-09 22:48:05 discovery-log INFO start resolved watching
2022-11-09 22:48:05 daemon INFO [36mINFO[0m[0000] starting discovery builtin:mdns-discovery process 

2022-11-09 22:48:05 daemon INFO [36mINFO[0m[0000] starting discovery builtin:serial-discovery process 
[36mINFO[0m[0000] started discovery builtin:mdns-discovery process 
[36mINFO[0m[0000] sending command HELLO 1 "arduino-cli 0.28.0" to discovery builtin:mdns-discovery 

2022-11-09 22:48:05 root INFO Deployed backend plugin "vscode-language-pack-cs@1.53.2" from "/tmp/.mount_arduinKO845D/resources/app/plugins/vscode-language-pack-cs/extension": 54.5 ms [Finished 1.779 s after backend start]
2022-11-09 22:48:05 daemon INFO [36mINFO[0m[0000] started discovery builtin:serial-discovery process 
[36mINFO[0m[0000] sending command HELLO 1 "arduino-cli 0.28.0" to discovery builtin:serial-discovery 
[36mINFO[0m[0000] from discovery builtin:serial-discovery received message type: hello, message: OK, protocol version: 1 
[36mINFO[0m[0000] sending command START_SYNC to discovery builtin:serial-discovery 
[36mINFO[0m[0000] from discovery builtin:mdns-discovery received message type: hello, message: OK, protocol version: 1 
[36mINFO[0m[0000] sending command START_SYNC to discovery builtin:mdns-discovery 
[36mINFO[0m[0000] from discovery builtin:mdns-discovery received message type: start_sync, message: OK 
[36mINFO[0m[0000] from discovery builtin:serial-discovery received message type: start_sync, message: OK 
[36mINFO[0m[0000] from discovery builtin:serial-discovery received message type: add, port: /dev/ttyACM0 

2022-11-09 22:48:05 discovery-log INFO {"eventType":"add","port":{"matchingBoardsList":[{"name":"Arduino Uno","fqbn":"arduino:avr:uno","isHidden":false}],"port":{"address":"/dev/ttyACM0","label":"/dev/ttyACM0","protocol":"serial","protocolLabel":"Serial Port (USB)","propertiesMap":[["pid","0x0043"],["serialNumber","75830333638351409152"],["vid","0x2341"]]}},"error":""}
2022-11-09 22:48:05 root INFO Deployed backend plugin "vscode-language-pack-de@1.53.2" from "/tmp/.mount_arduinKO845D/resources/app/plugins/vscode-language-pack-de/extension": 146.4 ms [Finished 1.925 s after backend start]
2022-11-09 22:48:05 root INFO Deployed backend plugin "vscode-language-pack-es@1.53.2" from "/tmp/.mount_arduinKO845D/resources/app/plugins/vscode-language-pack-es/extension": 58.0 ms [Finished 1.983 s after backend start]
2022-11-09 22:48:05 root INFO Deployed backend plugin "vscode-language-pack-fr@1.53.2" from "/tmp/.mount_arduinKO845D/resources/app/plugins/vscode-language-pack-fr/extension": 43.7 ms [Finished 2.027 s after backend start]
2022-11-09 22:48:05 root INFO Deployed backend plugin "vscode-language-pack-hu@1.48.3" from "/tmp/.mount_arduinKO845D/resources/app/plugins/vscode-language-pack-hu/extension": 33.7 ms [Finished 2.061 s after backend start]
2022-11-09 22:48:05 root INFO Deployed backend plugin "vscode-language-pack-it@1.53.2" from "/tmp/.mount_arduinKO845D/resources/app/plugins/vscode-language-pack-it/extension": 44.0 ms [Finished 2.105 s after backend start]
2022-11-09 22:48:05 root INFO Deployed backend plugin "vscode-language-pack-ja@1.53.2" from "/tmp/.mount_arduinKO845D/resources/app/plugins/vscode-language-pack-ja/extension": 67.2 ms [Finished 2.172 s after backend start]
2022-11-09 22:48:05 root INFO Deployed backend plugin "vscode-language-pack-ko@1.53.2" from "/tmp/.mount_arduinKO845D/resources/app/plugins/vscode-language-pack-ko/extension": 65.5 ms [Finished 2.237 s after backend start]
2022-11-09 22:48:05 root INFO Deployed backend plugin "vscode-language-pack-nl@1.48.3" from "/tmp/.mount_arduinKO845D/resources/app/plugins/vscode-language-pack-nl/extension": 19.5 ms [Finished 2.257 s after backend start]
2022-11-09 22:48:05 root INFO Deployed backend plugin "vscode-language-pack-pl@1.53.2" from "/tmp/.mount_arduinKO845D/resources/app/plugins/vscode-language-pack-pl/extension": 45.9 ms [Finished 2.303 s after backend start]
2022-11-09 22:48:05 root INFO Deployed backend plugin "vscode-language-pack-pt-BR@1.53.2" from "/tmp/.mount_arduinKO845D/resources/app/plugins/vscode-language-pack-pt-BR/extension": 48.0 ms [Finished 2.351 s after backend start]
2022-11-09 22:48:05 root INFO Deployed backend plugin "vscode-language-pack-ru@1.53.2" from "/tmp/.mount_arduinKO845D/resources/app/plugins/vscode-language-pack-ru/extension": 51.2 ms [Finished 2.402 s after backend start]
2022-11-09 22:48:05 root INFO Deployed backend plugin "vscode-language-pack-tr@1.53.2" from "/tmp/.mount_arduinKO845D/resources/app/plugins/vscode-language-pack-tr/extension": 50.4 ms [Finished 2.452 s after backend start]
2022-11-09 22:48:05 root INFO Deployed backend plugin "vscode-language-pack-uk@1.48.3" from "/tmp/.mount_arduinKO845D/resources/app/plugins/vscode-language-pack-uk/extension": 31.2 ms [Finished 2.484 s after backend start]
2022-11-09 22:48:06 root INFO Deployed backend plugin "vscode-language-pack-zh-hans@1.53.2" from "/tmp/.mount_arduinKO845D/resources/app/plugins/vscode-language-pack-zh-hans/extension": 38.9 ms [Finished 2.523 s after backend start]
2022-11-09 22:48:06 root INFO Deploy plugins list: 311.3 ms [Finished 2.535 s after backend start]
2022-11-09 22:48:06 root WARN Frontend s.configure took longer than the expected maximum 100 milliseconds: 137.5 ms [Finished 1.765 s after frontend start]
2022-11-09 22:48:06 root INFO Start frontend contributions: 462.5 ms [Finished 2.034 s after frontend start]
2022-11-09 22:48:06 root INFO Changed application state from 'init' to 'started_contributions'.
2022-11-09 22:48:06 root INFO Changed application state from 'started_contributions' to 'attached_shell'.
2022-11-09 22:48:06 root INFO >>> Restoring the layout state...
2022-11-09 22:48:06 root INFO <<< Nothing to restore.
2022-11-09 22:48:06 root INFO Initialize the workbench layout: 36.8 ms [Finished 2.108 s after frontend start]
2022-11-09 22:48:06 root INFO Changed application state from 'attached_shell' to 'initialized_layout'.
2022-11-09 22:48:06 root INFO [c1ba6c39-f71b-4677-b265-3dfab13b438c] Waiting for backend deployment: 110.1 ms [Finished 2.141 s after frontend start]
2022-11-09 22:48:07 root ERROR Request initAuthSession failed with error: The name is not activatable
2022-11-09 22:48:07 root INFO [hosted-plugin: 116405] PLUGIN_HOST(116405) starting instance
2022-11-09 22:48:07 root INFO [c1ba6c39-f71b-4677-b265-3dfab13b438c] Sync of 21 plugins: 726.0 ms [Finished 2.867 s after frontend start]
2022-11-09 22:48:07 root INFO [c1ba6c39-f71b-4677-b265-3dfab13b438c][marus25.cortex-debug]: Loaded contributions.
2022-11-09 22:48:07 root INFO [c1ba6c39-f71b-4677-b265-3dfab13b438c][arduino.vscode-arduino-tools]: Loaded contributions.
2022-11-09 22:48:07 root INFO [c1ba6c39-f71b-4677-b265-3dfab13b438c][vscode.cpp]: Loaded contributions.
2022-11-09 22:48:07 root INFO [c1ba6c39-f71b-4677-b265-3dfab13b438c][vscode.json]: Loaded contributions.
2022-11-09 22:48:07 root INFO [c1ba6c39-f71b-4677-b265-3dfab13b438c][vscode.json-language-features]: Loaded contributions.
2022-11-09 22:48:07 root INFO [c1ba6c39-f71b-4677-b265-3dfab13b438c][ms-ceintl.vscode-language-pack-bg]: Loaded contributions.
2022-11-09 22:48:07 root INFO [c1ba6c39-f71b-4677-b265-3dfab13b438c][ms-ceintl.vscode-language-pack-cs]: Loaded contributions.
2022-11-09 22:48:07 root INFO [c1ba6c39-f71b-4677-b265-3dfab13b438c][ms-ceintl.vscode-language-pack-de]: Loaded contributions.
2022-11-09 22:48:07 root INFO [c1ba6c39-f71b-4677-b265-3dfab13b438c][ms-ceintl.vscode-language-pack-es]: Loaded contributions.
2022-11-09 22:48:07 root INFO [c1ba6c39-f71b-4677-b265-3dfab13b438c][ms-ceintl.vscode-language-pack-fr]: Loaded contributions.
2022-11-09 22:48:07 root INFO [c1ba6c39-f71b-4677-b265-3dfab13b438c][ms-ceintl.vscode-language-pack-hu]: Loaded contributions.
2022-11-09 22:48:07 root INFO [c1ba6c39-f71b-4677-b265-3dfab13b438c][ms-ceintl.vscode-language-pack-it]: Loaded contributions.
2022-11-09 22:48:07 root INFO [c1ba6c39-f71b-4677-b265-3dfab13b438c][ms-ceintl.vscode-language-pack-ja]: Loaded contributions.
2022-11-09 22:48:07 root INFO [c1ba6c39-f71b-4677-b265-3dfab13b438c][ms-ceintl.vscode-language-pack-ko]: Loaded contributions.
2022-11-09 22:48:07 root INFO [c1ba6c39-f71b-4677-b265-3dfab13b438c][ms-ceintl.vscode-language-pack-nl]: Loaded contributions.
2022-11-09 22:48:07 root INFO [c1ba6c39-f71b-4677-b265-3dfab13b438c][ms-ceintl.vscode-language-pack-pl]: Loaded contributions.
2022-11-09 22:48:07 root INFO [c1ba6c39-f71b-4677-b265-3dfab13b438c][ms-ceintl.vscode-language-pack-pt-br]: Loaded contributions.
2022-11-09 22:48:07 root INFO [c1ba6c39-f71b-4677-b265-3dfab13b438c][ms-ceintl.vscode-language-pack-ru]: Loaded contributions.
2022-11-09 22:48:07 root INFO [c1ba6c39-f71b-4677-b265-3dfab13b438c][ms-ceintl.vscode-language-pack-tr]: Loaded contributions.
2022-11-09 22:48:07 root INFO [c1ba6c39-f71b-4677-b265-3dfab13b438c][ms-ceintl.vscode-language-pack-uk]: Loaded contributions.
2022-11-09 22:48:07 root INFO [c1ba6c39-f71b-4677-b265-3dfab13b438c][ms-ceintl.vscode-language-pack-zh-hans]: Loaded contributions.
2022-11-09 22:48:07 root INFO [c1ba6c39-f71b-4677-b265-3dfab13b438c] Load contributions of 21 plugins: 25.7 ms [Finished 2.893 s after frontend start]
2022-11-09 22:48:07 root WARN 'cpp' language is remapped from 'source.cpp.embedded.macro' to 'source.cpp' scope
2022-11-09 22:48:07 root WARN a registered grammar configuration for 'cpp' language is overridden
2022-11-09 22:48:08 root INFO Frontend application start: 1519.8 ms [Finished 4.604 s after backend start]
2022-11-09 22:48:08 root INFO Replace loading indicator with ready workbench UI (animation): 837.5 ms [Finished 2.947 s after frontend start]
2022-11-09 22:48:08 root INFO Changed application state from 'initialized_layout' to 'ready'.
2022-11-09 22:48:08 daemon INFO [36mINFO[0m[0003] Updating libraries index                     

2022-11-09 22:48:08 root INFO core-client-provider [library-index]
2022-11-09 22:48:08 root INFO core-client-provider [platform-index]
2022-11-09 22:48:08 daemon INFO [36mINFO[0m[0003] Updating index                                [36murl[0m="https://downloads.arduino.cc/packages/package_index.tar.bz2"

2022-11-09 22:48:08 root INFO ---- DURATION: search took 71.644 ms. Args: [{"query":"Arduino_BuiltIn"}] ----
2022-11-09 22:48:08 root ERROR ---- !!!SLOW!!! DURATION: search took 859.737 ms. Args: [{"type":"Updatable"}] ----
2022-11-09 22:48:08 root INFO >>> Starting boards package installation...
2022-11-09 22:48:08 discovery-log INFO stop
2022-11-09 22:48:08 discovery-log INFO >>> Stopping boards watcher...
2022-11-09 22:48:08 discovery-log INFO Canceling boards watcher...
2022-11-09 22:48:08 discovery-log INFO disposing requesting cancel
2022-11-09 22:48:08 discovery-log INFO disposing canceled
2022-11-09 22:48:08 discovery-log INFO error received
2022-11-09 22:48:08 discovery-log INFO cancel error received!
2022-11-09 22:48:08 discovery-log INFO stop received event: either end or cancel
2022-11-09 22:48:08 discovery-log INFO stop stopped
2022-11-09 22:48:08 discovery-log INFO received end
2022-11-09 22:48:08 daemon INFO [36mINFO[0m[0004] boards watcher stream closed                 

2022-11-09 22:48:08 daemon INFO [36mINFO[0m[0004] Loading hardware from: /home/jasonshi/.arduino15/packages 
[36mINFO[0m[0004] Loading package arduino from: /home/jasonshi/.arduino15/packages/arduino/hardware 

2022-11-09 22:48:09 daemon INFO [36mINFO[0m[0004] Checking signature                            [36merror[0m="opening signature file: open /home/jasonshi/.arduino15/packages/arduino/hardware/avr/1.8.6/installed.json.sig: no such file or directory" [36mindex[0m=/home/jasonshi/.arduino15/packages/arduino/hardware/avr/1.8.6/installed.json [36msignatureFile[0m=/home/jasonshi/.arduino15/packages/arduino/hardware/avr/1.8.6/installed.json.sig

2022-11-09 22:48:09 daemon INFO [36mINFO[0m[0004] Adding monitor tool                           [36mprotocol[0m=serial [36mtool[0m="builtin:serial-monitor"
[36mINFO[0m[0004] Loaded platform                               [36mplatform[0m="arduino:avr@1.8.6"

2022-11-09 22:48:09 daemon INFO [36mINFO[0m[0004] Checking existence of 'tools' path: /home/jasonshi/.arduino15/packages/arduino/tools 
[36mINFO[0m[0004] Loading tools from dir: /home/jasonshi/.arduino15/packages/arduino/tools 
[36mINFO[0m[0004] Loaded tool                                   [36mtool[0m="arduino:arduinoOTA@1.3.0"
[36mINFO[0m[0004] Loaded tool                                   [36mtool[0m="arduino:avr-gcc@7.3.0-atmel3.6.1-arduino7"
[36mINFO[0m[0004] Loaded tool                                   [36mtool[0m="arduino:avrdude@6.3.0-arduino17"
[36mINFO[0m[0004] Loading package builtin from: /home/jasonshi/.arduino15/packages/builtin 
[36mINFO[0m[0004] Checking existence of 'tools' path: /home/jasonshi/.arduino15/packages/builtin/tools 
[36mINFO[0m[0004] Loading tools from dir: /home/jasonshi/.arduino15/packages/builtin/tools 
[36mINFO[0m[0004] Loaded tool                                   [36mtool[0m="builtin:ctags@5.8-arduino11"
[36mINFO[0m[0004] Loaded tool                                   [36mtool[0m="builtin:mdns-discovery@1.0.5"
[36mINFO[0m[0004] Loaded tool                                   [36mtool[0m="builtin:mdns-discovery@1.0.6"
[36mINFO[0m[0004] Loaded tool                                   [36mtool[0m="builtin:serial-discovery@1.3.2"

2022-11-09 22:48:09 daemon INFO [36mINFO[0m[0004] Loaded tool                                   [36mtool[0m="builtin:serial-monitor@0.10.0"
[36mINFO[0m[0004] Loaded tool                                   [36mtool[0m="builtin:serial-monitor@0.9.1"

2022-11-09 22:48:09 daemon INFO [36mINFO[0m[0004] Checking signature                            [36mindex[0m=/home/jasonshi/.arduino15/package_index.json [36msignatureFile[0m=/home/jasonshi/.arduino15/package_index.json.sig [36mtrusted[0m=true

2022-11-09 22:48:09 daemon INFO [36mINFO[0m[0004] Adding libraries dir                          [36mdir[0m=/home/jasonshi/.arduino15/packages/arduino/hardware/avr/1.8.6/libraries [36mlocation[0m=platform
[36mINFO[0m[0004] Loading libraries index file                  [36mindex[0m=/home/jasonshi/.arduino15/library_index.json

2022-11-09 22:48:09 daemon INFO [36mINFO[0m[0004] Adding libraries dir                          [36mdir[0m=/home/jasonshi/.arduino15/libraries [36mlocation[0m=ide
[36mINFO[0m[0004] Adding libraries dir                          [36mdir[0m=/home/jasonshi/Arduino/libraries [36mlocation[0m=user

2022-11-09 22:48:09 discovery-log INFO start
2022-11-09 22:48:09 discovery-log INFO start new deferred
2022-11-09 22:48:09 discovery-log INFO start request start watch
2022-11-09 22:48:09 discovery-log INFO start requested start watch
2022-11-09 22:48:09 discovery-log INFO start resolved watching
2022-11-09 22:48:09 daemon INFO [36mINFO[0m[0004] starting discovery builtin:mdns-discovery process 

2022-11-09 22:48:09 daemon INFO [36mINFO[0m[0004] starting discovery builtin:serial-discovery process 
[36mINFO[0m[0004] started discovery builtin:serial-discovery process 
[36mINFO[0m[0004] sending command HELLO 1 "arduino-cli 0.28.0" to discovery builtin:serial-discovery 

2022-11-09 22:48:09 daemon INFO [36mINFO[0m[0004] started discovery builtin:mdns-discovery process 
[36mINFO[0m[0004] sending command HELLO 1 "arduino-cli 0.28.0" to discovery builtin:mdns-discovery 

2022-11-09 22:48:09 daemon INFO [36mINFO[0m[0004] from discovery builtin:serial-discovery received message type: hello, message: OK, protocol version: 1 
[36mINFO[0m[0004] sending command START_SYNC to discovery builtin:serial-discovery 

2022-11-09 22:48:09 daemon INFO [36mINFO[0m[0004] from discovery builtin:serial-discovery received message type: start_sync, message: OK 

2022-11-09 22:48:09 root INFO <<< Boards package installation done.
2022-11-09 22:48:09 discovery-log INFO {"eventType":"add","port":{"matchingBoardsList":[{"name":"Arduino Uno","fqbn":"arduino:avr:uno","isHidden":false}],"port":{"address":"/dev/ttyACM0","label":"/dev/ttyACM0","protocol":"serial","protocolLabel":"Serial Port (USB)","propertiesMap":[["pid","0x0043"],["serialNumber","75830333638351409152"],["vid","0x2341"]]}},"error":""}
2022-11-09 22:48:09 discovery-log WARN Port '/dev/ttyACM0 Serial Port (USB)' was already available. Known boards before override: [{"fqbn":"arduino:avr:uno","name":"Arduino Uno","port":{"address":"/dev/ttyACM0","addressLabel":"/dev/ttyACM0","protocol":"serial","protocolLabel":"Serial Port (USB)","properties":{"pid":"0x0043","serialNumber":"75830333638351409152","vid":"0x2341"}}}]
2022-11-09 22:48:09 daemon INFO [36mINFO[0m[0004] from discovery builtin:serial-discovery received message type: add, port: /dev/ttyACM0 
[36mINFO[0m[0004] from discovery builtin:mdns-discovery received message type: hello, message: OK, protocol version: 1 
[36mINFO[0m[0004] sending command START_SYNC to discovery builtin:mdns-discovery 
[36mINFO[0m[0004] from discovery builtin:mdns-discovery received message type: start_sync, message: OK 

2022-11-09 22:48:09 root INFO [hosted-plugin: 116405] PLUGIN_HOST(116405): PluginManagerExtImpl/init()
2022-11-09 22:48:09 root INFO [hosted-plugin: 116405] PLUGIN_HOST(116405): initializing(cortex-debug@0.3.10 with /tmp/.mount_arduinKO845D/resources/app/node_modules/@theia/plugin-ext-vscode/lib/node/plugin-vscode-init)
2022-11-09 22:48:09 root INFO [hosted-plugin: 116405] Debugger contribution has been registered: cortex-debug
2022-11-09 22:48:09 root INFO [hosted-plugin: 116405] PLUGIN_HOST(116405): initializing(vscode-arduino-tools@0.0.2-beta.5 with /tmp/.mount_arduinKO845D/resources/app/node_modules/@theia/plugin-ext-vscode/lib/node/plugin-vscode-init)
PLUGIN_HOST(116405): initializing(cpp@1.52.1 with /tmp/.mount_arduinKO845D/resources/app/node_modules/@theia/plugin-ext-vscode/lib/node/plugin-vscode-init)
2022-11-09 22:48:09 root INFO Boards package installed: 
2022-11-09 22:48:09 root INFO >>> Starting library package installation...
2022-11-09 22:48:09 discovery-log INFO stop
2022-11-09 22:48:09 discovery-log INFO >>> Stopping boards watcher...
2022-11-09 22:48:09 discovery-log INFO Canceling boards watcher...
2022-11-09 22:48:09 discovery-log INFO disposing requesting cancel
2022-11-09 22:48:09 discovery-log INFO disposing canceled
2022-11-09 22:48:09 discovery-log INFO error received
2022-11-09 22:48:09 discovery-log INFO cancel error received!
2022-11-09 22:48:09 discovery-log INFO stop received event: either end or cancel
2022-11-09 22:48:09 discovery-log INFO stop stopped
2022-11-09 22:48:09 discovery-log INFO received end
2022-11-09 22:48:09 root INFO [hosted-plugin: 116405] PLUGIN_HOST(116405): initializing(json@1.46.1 with /tmp/.mount_arduinKO845D/resources/app/node_modules/@theia/plugin-ext-vscode/lib/node/plugin-vscode-init)
PLUGIN_HOST(116405): initializing(json-language-features@1.46.1 with /tmp/.mount_arduinKO845D/resources/app/node_modules/@theia/plugin-ext-vscode/lib/node/plugin-vscode-init)
PLUGIN_HOST(116405): initializing(vscode-language-pack-bg@1.48.3 with /tmp/.mount_arduinKO845D/resources/app/node_modules/@theia/plugin-ext-vscode/lib/node/plugin-vscode-init)
PLUGIN_HOST(116405): initializing(vscode-language-pack-cs@1.53.2 with /tmp/.mount_arduinKO845D/resources/app/node_modules/@theia/plugin-ext-vscode/lib/node/plugin-vscode-init)
PLUGIN_HOST(116405): initializing(vscode-language-pack-de@1.53.2 with /tmp/.mount_arduinKO845D/resources/app/node_modules/@theia/plugin-ext-vscode/lib/node/plugin-vscode-init)
PLUGIN_HOST(116405): initializing(vscode-language-pack-es@1.53.2 with /tmp/.mount_arduinKO845D/resources/app/node_modules/@theia/plugin-ext-vscode/lib/node/plugin-vscode-init)
2022-11-09 22:48:09 daemon INFO [36mINFO[0m[0004] boards watcher stream closed                 

2022-11-09 22:48:09 root INFO [hosted-plugin: 116405] PLUGIN_HOST(116405): initializing(vscode-language-pack-fr@1.53.2 with /tmp/.mount_arduinKO845D/resources/app/node_modules/@theia/plugin-ext-vscode/lib/node/plugin-vscode-init)
PLUGIN_HOST(116405): initializing(vscode-language-pack-hu@1.48.3 with /tmp/.mount_arduinKO845D/resources/app/node_modules/@theia/plugin-ext-vscode/lib/node/plugin-vscode-init)
2022-11-09 22:48:09 root INFO Attached boards and available ports changed:
2022-11-09 22:48:09 root INFO [hosted-plugin: 116405] PLUGIN_HOST(116405): initializing(vscode-language-pack-it@1.53.2 with /tmp/.mount_arduinKO845D/resources/app/node_modules/@theia/plugin-ext-vscode/lib/node/plugin-vscode-init)
PLUGIN_HOST(116405): initializing(vscode-language-pack-ja@1.53.2 with /tmp/.mount_arduinKO845D/resources/app/node_modules/@theia/plugin-ext-vscode/lib/node/plugin-vscode-init)
PLUGIN_HOST(116405): initializing(vscode-language-pack-ko@1.53.2 with /tmp/.mount_arduinKO845D/resources/app/node_modules/@theia/plugin-ext-vscode/lib/node/plugin-vscode-init)
2022-11-09 22:48:09 root INFO No changes.
2022-11-09 22:48:09 root INFO [hosted-plugin: 116405] PLUGIN_HOST(116405): initializing(vscode-language-pack-nl@1.48.3 with /tmp/.mount_arduinKO845D/resources/app/node_modules/@theia/plugin-ext-vscode/lib/node/plugin-vscode-init)
PLUGIN_HOST(116405): initializing(vscode-language-pack-pl@1.53.2 with /tmp/.mount_arduinKO845D/resources/app/node_modules/@theia/plugin-ext-vscode/lib/node/plugin-vscode-init)
PLUGIN_HOST(116405): initializing(vscode-language-pack-pt-BR@1.53.2 with /tmp/.mount_arduinKO845D/resources/app/node_modules/@theia/plugin-ext-vscode/lib/node/plugin-vscode-init)
2022-11-09 22:48:09 root INFO ------------------------------------------
2022-11-09 22:48:09 root INFO [hosted-plugin: 116405] PLUGIN_HOST(116405): initializing(vscode-language-pack-ru@1.53.2 with /tmp/.mount_arduinKO845D/resources/app/node_modules/@theia/plugin-ext-vscode/lib/node/plugin-vscode-init)
PLUGIN_HOST(116405): initializing(vscode-language-pack-tr@1.53.2 with /tmp/.mount_arduinKO845D/resources/app/node_modules/@theia/plugin-ext-vscode/lib/node/plugin-vscode-init)
PLUGIN_HOST(116405): initializing(vscode-language-pack-uk@1.48.3 with /tmp/.mount_arduinKO845D/resources/app/node_modules/@theia/plugin-ext-vscode/lib/node/plugin-vscode-init)
PLUGIN_HOST(116405): initializing(vscode-language-pack-zh-hans@1.53.2 with /tmp/.mount_arduinKO845D/resources/app/node_modules/@theia/plugin-ext-vscode/lib/node/plugin-vscode-init)
2022-11-09 22:48:09 discovery-log INFO start
2022-11-09 22:48:09 discovery-log INFO start new deferred
2022-11-09 22:48:09 discovery-log INFO start request start watch
2022-11-09 22:48:09 discovery-log INFO start requested start watch
2022-11-09 22:48:09 discovery-log INFO start resolved watching
2022-11-09 22:48:09 discovery-log INFO {"eventType":"add","port":{"matchingBoardsList":[{"name":"Arduino Uno","fqbn":"arduino:avr:uno","isHidden":false}],"port":{"address":"/dev/ttyACM0","label":"/dev/ttyACM0","protocol":"serial","protocolLabel":"Serial Port (USB)","propertiesMap":[["pid","0x0043"],["serialNumber","75830333638351409152"],["vid","0x2341"]]}},"error":""}
2022-11-09 22:48:09 discovery-log WARN Port '/dev/ttyACM0 Serial Port (USB)' was already available. Known boards before override: [{"fqbn":"arduino:avr:uno","name":"Arduino Uno","port":{"address":"/dev/ttyACM0","addressLabel":"/dev/ttyACM0","protocol":"serial","protocolLabel":"Serial Port (USB)","properties":{"pid":"0x0043","serialNumber":"75830333638351409152","vid":"0x2341"}}}]
2022-11-09 22:48:09 root INFO Attached boards and available ports changed:
2022-11-09 22:48:09 root INFO No changes.
2022-11-09 22:48:09 root INFO ------------------------------------------
2022-11-09 22:48:09 root INFO [hosted-plugin: 116405] PLUGIN_HOST(116405): PluginManagerExtImpl/loadPlugin(/tmp/.mount_arduinKO845D/resources/app/plugins/vscode-builtin-json-language-features/extension/client/dist/jsonMain)
2022-11-09 22:48:09 root INFO [c1ba6c39-f71b-4677-b265-3dfab13b438c][marus25.cortex-debug]: Started plugin.
2022-11-09 22:48:09 root INFO [c1ba6c39-f71b-4677-b265-3dfab13b438c][arduino.vscode-arduino-tools]: Started plugin.
2022-11-09 22:48:09 root INFO [c1ba6c39-f71b-4677-b265-3dfab13b438c][vscode.cpp]: Started plugin.
2022-11-09 22:48:09 root INFO [c1ba6c39-f71b-4677-b265-3dfab13b438c][vscode.json]: Started plugin.
2022-11-09 22:48:09 root INFO [c1ba6c39-f71b-4677-b265-3dfab13b438c][vscode.json-language-features]: Started plugin.
2022-11-09 22:48:09 root INFO [c1ba6c39-f71b-4677-b265-3dfab13b438c][ms-ceintl.vscode-language-pack-bg]: Started plugin.
2022-11-09 22:48:09 root INFO [c1ba6c39-f71b-4677-b265-3dfab13b438c][ms-ceintl.vscode-language-pack-cs]: Started plugin.
2022-11-09 22:48:09 root INFO [c1ba6c39-f71b-4677-b265-3dfab13b438c][ms-ceintl.vscode-language-pack-de]: Started plugin.
2022-11-09 22:48:09 root INFO [c1ba6c39-f71b-4677-b265-3dfab13b438c][ms-ceintl.vscode-language-pack-es]: Started plugin.
2022-11-09 22:48:09 root INFO [c1ba6c39-f71b-4677-b265-3dfab13b438c][ms-ceintl.vscode-language-pack-fr]: Started plugin.
2022-11-09 22:48:09 root INFO [c1ba6c39-f71b-4677-b265-3dfab13b438c][ms-ceintl.vscode-language-pack-hu]: Started plugin.
2022-11-09 22:48:09 root INFO [c1ba6c39-f71b-4677-b265-3dfab13b438c][ms-ceintl.vscode-language-pack-it]: Started plugin.
2022-11-09 22:48:09 root INFO [c1ba6c39-f71b-4677-b265-3dfab13b438c][ms-ceintl.vscode-language-pack-ja]: Started plugin.
2022-11-09 22:48:09 root INFO [c1ba6c39-f71b-4677-b265-3dfab13b438c][ms-ceintl.vscode-language-pack-ko]: Started plugin.
2022-11-09 22:48:09 root INFO [c1ba6c39-f71b-4677-b265-3dfab13b438c][ms-ceintl.vscode-language-pack-nl]: Started plugin.
2022-11-09 22:48:09 root INFO [c1ba6c39-f71b-4677-b265-3dfab13b438c][ms-ceintl.vscode-language-pack-pl]: Started plugin.
2022-11-09 22:48:09 root INFO [c1ba6c39-f71b-4677-b265-3dfab13b438c][ms-ceintl.vscode-language-pack-pt-br]: Started plugin.
2022-11-09 22:48:09 root INFO [c1ba6c39-f71b-4677-b265-3dfab13b438c][ms-ceintl.vscode-language-pack-ru]: Started plugin.
2022-11-09 22:48:09 root INFO [c1ba6c39-f71b-4677-b265-3dfab13b438c][ms-ceintl.vscode-language-pack-tr]: Started plugin.
2022-11-09 22:48:09 root INFO [c1ba6c39-f71b-4677-b265-3dfab13b438c][ms-ceintl.vscode-language-pack-uk]: Started plugin.
2022-11-09 22:48:09 root INFO [c1ba6c39-f71b-4677-b265-3dfab13b438c][ms-ceintl.vscode-language-pack-zh-hans]: Started plugin.
2022-11-09 22:48:09 root ERROR [hosted-plugin: 116405] ApplicationInsights:CorrelationIdManager [
  Error: getaddrinfo ENOTFOUND dc.services.visualstudio.com
      at GetAddrInfoReqWrap.onlookup [as oncomplete] (node:dns:71:26) {
    errno: -3008,
    code: 'ENOTFOUND',
    syscall: 'getaddrinfo',
    hostname: 'dc.services.visualstudio.com'
  }
]
2022-11-09 22:48:09 root ERROR ---- !!!SLOW!!! DURATION: search took 657.583 ms. Args: [{}] ----
2022-11-09 22:48:09 root INFO <<< Library package installation done.
2022-11-09 22:48:09 root INFO [c1ba6c39-f71b-4677-b265-3dfab13b438c] Start of 21 plugins: 1695.0 ms [Finished 4.610 s after frontend start]
2022-11-09 22:48:10 root INFO Starting language server: arduino:avr:uno
2022-11-09 22:48:10 root INFO [hosted-plugin: 116405] PLUGIN_HOST(116405): PluginManagerExtImpl/loadPlugin(/tmp/.mount_arduinKO845D/resources/app/plugins/vscode-arduino-tools/extension/dist/bundle)
2022-11-09 22:48:10 daemon INFO [36mINFO[0m[0006] Loading hardware from: /home/jasonshi/.arduino15/packages 

2022-11-09 22:48:10 daemon INFO [36mINFO[0m[0006] Loading package arduino from: /home/jasonshi/.arduino15/packages/arduino/hardware 

2022-11-09 22:48:10 daemon INFO [36mINFO[0m[0006] Checking signature                            [36merror[0m="opening signature file: open /home/jasonshi/.arduino15/packages/arduino/hardware/avr/1.8.6/installed.json.sig: no such file or directory" [36mindex[0m=/home/jasonshi/.arduino15/packages/arduino/hardware/avr/1.8.6/installed.json [36msignatureFile[0m=/home/jasonshi/.arduino15/packages/arduino/hardware/avr/1.8.6/installed.json.sig

2022-11-09 22:48:10 daemon INFO [36mINFO[0m[0006] Adding monitor tool                           [36mprotocol[0m=serial [36mtool[0m="builtin:serial-monitor"
[36mINFO[0m[0006] Loaded platform                               [36mplatform[0m="arduino:avr@1.8.6"
[36mINFO[0m[0006] Checking existence of 'tools' path: /home/jasonshi/.arduino15/packages/arduino/tools 
[36mINFO[0m[0006] Loading tools from dir: /home/jasonshi/.arduino15/packages/arduino/tools 

2022-11-09 22:48:10 daemon INFO [36mINFO[0m[0006] Loaded tool                                   [36mtool[0m="arduino:arduinoOTA@1.3.0"
[36mINFO[0m[0006] Loaded tool                                   [36mtool[0m="arduino:avr-gcc@7.3.0-atmel3.6.1-arduino7"
[36mINFO[0m[0006] Loaded tool                                   [36mtool[0m="arduino:avrdude@6.3.0-arduino17"
[36mINFO[0m[0006] Loading package builtin from: /home/jasonshi/.arduino15/packages/builtin 
[36mINFO[0m[0006] Checking existence of 'tools' path: /home/jasonshi/.arduino15/packages/builtin/tools 
[36mINFO[0m[0006] Loading tools from dir: /home/jasonshi/.arduino15/packages/builtin/tools 
[36mINFO[0m[0006] Loaded tool                                   [36mtool[0m="builtin:ctags@5.8-arduino11"
[36mINFO[0m[0006] Loaded tool                                   [36mtool[0m="builtin:mdns-discovery@1.0.5"
[36mINFO[0m[0006] Loaded tool                                   [36mtool[0m="builtin:mdns-discovery@1.0.6"
[36mINFO[0m[0006] Loaded tool                                   [36mtool[0m="builtin:serial-discovery@1.3.2"
[36mINFO[0m[0006] Loaded tool                                   [36mtool[0m="builtin:serial-monitor@0.10.0"
[36mINFO[0m[0006] Loaded tool                                   [36mtool[0m="builtin:serial-monitor@0.9.1"

2022-11-09 22:48:10 daemon INFO [36mINFO[0m[0006] Checking signature                            [36mindex[0m=/home/jasonshi/.arduino15/package_index.json [36msignatureFile[0m=/home/jasonshi/.arduino15/package_index.json.sig [36mtrusted[0m=true

2022-11-09 22:48:10 daemon INFO [36mINFO[0m[0006] Adding libraries dir                          [36mdir[0m=/home/jasonshi/.arduino15/packages/arduino/hardware/avr/1.8.6/libraries [36mlocation[0m=platform

2022-11-09 22:48:10 daemon INFO [36mINFO[0m[0006] Loading libraries index file                  [36mindex[0m=/home/jasonshi/.arduino15/library_index.json

2022-11-09 22:48:10 daemon INFO [36mINFO[0m[0006] Searching tools required for board arduino:avr:uno 
[36mINFO[0m[0006] Required tool                                 [36mtool[0m="arduino:arduinoOTA@1.3.0"
[36mINFO[0m[0006] Required tool                                 [36mtool[0m="arduino:avr-gcc@7.3.0-atmel3.6.1-arduino7"
[36mINFO[0m[0006] Required tool                                 [36mtool[0m="arduino:avrdude@6.3.0-arduino17"
[36mINFO[0m[0006] Adding libraries dir                          [36mdir[0m=/home/jasonshi/.arduino15/libraries [36mlocation[0m=ide
[36mINFO[0m[0006] Adding libraries dir                          [36mdir[0m=/home/jasonshi/.arduino15/packages/arduino/hardware/avr/1.8.6/libraries [36mlocation[0m=platform

2022-11-09 22:48:10 daemon INFO [36mINFO[0m[0006] Adding libraries dir                          [36mdir[0m=/home/jasonshi/Arduino/libraries [36mlocation[0m=user

2022-11-09 22:48:10 daemon INFO [36mINFO[0m[0006] Adding libraries dir                          [36mdir[0m=/home/jasonshi/.arduino15/libraries [36mlocation[0m=ide
[36mINFO[0m[0006] Adding libraries dir                          [36mdir[0m=/home/jasonshi/Arduino/libraries [36mlocation[0m=user

2022-11-09 22:48:10 daemon INFO [36mINFO[0m[0006] Searching tools required for board arduino:avr:uno 
[36mINFO[0m[0006] Required tool                                 [36mtool[0m="arduino:arduinoOTA@1.3.0"

2022-11-09 22:48:10 daemon INFO [36mINFO[0m[0006] Required tool                                 [36mtool[0m="arduino:avr-gcc@7.3.0-atmel3.6.1-arduino7"
[36mINFO[0m[0006] Required tool                                 [36mtool[0m="arduino:avrdude@6.3.0-arduino17"

2022-11-09 22:48:11 root WARN Timeout after 5000 millis. The editor has not shown up in time. URI: file:///home/jasonshi/Arduino/motor/motor.ino
2022-11-09 22:48:14 daemon INFO [36mINFO[0m[0009] Searching tools required for board arduino:avr:uno 
[36mINFO[0m[0009] Required tool                                 [36mtool[0m="arduino:arduinoOTA@1.3.0"
[36mINFO[0m[0009] Required tool                                 [36mtool[0m="arduino:avr-gcc@7.3.0-atmel3.6.1-arduino7"
[36mINFO[0m[0009] Required tool                                 [36mtool[0m="arduino:avrdude@6.3.0-arduino17"
[36mINFO[0m[0009] Adding libraries dir                          [36mdir[0m=/home/jasonshi/.arduino15/libraries [36mlocation[0m=ide
[36mINFO[0m[0009] Adding libraries dir                          [36mdir[0m=/home/jasonshi/.arduino15/packages/arduino/hardware/avr/1.8.6/libraries [36mlocation[0m=platform
[36mINFO[0m[0009] Adding libraries dir                          [36mdir[0m=/home/jasonshi/Arduino/libraries [36mlocation[0m=user

2022-11-09 22:48:14 root INFO Executing 'arduino.languageserver.notifyBuildDidComplete' with {"buildOutputUri":"file:///tmp/arduino-sketch-EB9F525528D5EF26E46AF02DBADD8CEA"}
2022-11-09 22:48:15 daemon INFO [36mINFO[0m[0011] Searching tools required for board arduino:avr:uno 

2022-11-09 22:48:15 daemon INFO [36mINFO[0m[0011] Required tool                                 [36mtool[0m="arduino:arduinoOTA@1.3.0"
[36mINFO[0m[0011] Required tool                                 [36mtool[0m="arduino:avr-gcc@7.3.0-atmel3.6.1-arduino7"
[36mINFO[0m[0011] Required tool                                 [36mtool[0m="arduino:avrdude@6.3.0-arduino17"

2022-11-09 22:48:17 daemon INFO [36mINFO[0m[0012] Searching tools required for board arduino:avr:uno 
[36mINFO[0m[0012] Required tool                                 [36mtool[0m="arduino:arduinoOTA@1.3.0"
[36mINFO[0m[0012] Required tool                                 [36mtool[0m="arduino:avr-gcc@7.3.0-atmel3.6.1-arduino7"
[36mINFO[0m[0012] Required tool                                 [36mtool[0m="arduino:avrdude@6.3.0-arduino17"
[36mINFO[0m[0012] Adding libraries dir                          [36mdir[0m=/home/jasonshi/.arduino15/libraries [36mlocation[0m=ide
[36mINFO[0m[0012] Adding libraries dir                          [36mdir[0m=/home/jasonshi/.arduino15/packages/arduino/hardware/avr/1.8.6/libraries [36mlocation[0m=platform
[36mINFO[0m[0012] Adding libraries dir                          [36mdir[0m=/home/jasonshi/Arduino/libraries [36mlocation[0m=user

2022-11-09 22:48:17 root INFO Executing 'arduino.languageserver.notifyBuildDidComplete' with {"buildOutputUri":"file:///tmp/arduino-sketch-EB9F525528D5EF26E46AF02DBADD8CEA"}
2022-11-09 22:48:17 daemon INFO [36mINFO[0m[0012] Searching tools required for board arduino:avr:uno 
[36mINFO[0m[0012] Required tool                                 [36mtool[0m="arduino:arduinoOTA@1.3.0"
[36mINFO[0m[0012] Required tool                                 [36mtool[0m="arduino:avr-gcc@7.3.0-atmel3.6.1-arduino7"

2022-11-09 22:48:17 daemon INFO [36mINFO[0m[0012] Required tool                                 [36mtool[0m="arduino:avrdude@6.3.0-arduino17"
[36mINFO[0m[0012] Tool required for upload                      [36mtool[0m="arduino:arduinoOTA@1.3.0"
[36mINFO[0m[0012] Tool required for upload                      [36mtool[0m="arduino:avr-gcc@7.3.0-atmel3.6.1-arduino7"
[36mINFO[0m[0012] Tool required for upload                      [36mtool[0m="arduino:avrdude@6.3.0-arduino17"
[36mINFO[0m[0012] Tool required for upload                      [36mtool[0m="builtin:ctags@5.8-arduino11"
[36mINFO[0m[0012] Tool required for upload                      [36mtool[0m="builtin:mdns-discovery@1.0.6"
[36mINFO[0m[0012] Tool required for upload                      [36mtool[0m="builtin:serial-discovery@1.3.2"
[36mINFO[0m[0012] Tool required for upload                      [36mtool[0m="builtin:serial-monitor@0.10.0"

2022-11-09 22:48:18 daemon INFO [36mINFO[0m[0013] Searching tools required for board arduino:avr:uno 

2022-11-09 22:48:18 daemon INFO [36mINFO[0m[0013] Required tool                                 [36mtool[0m="arduino:arduinoOTA@1.3.0"
[36mINFO[0m[0013] Required tool                                 [36mtool[0m="arduino:avr-gcc@7.3.0-atmel3.6.1-arduino7"
[36mINFO[0m[0013] Required tool                                 [36mtool[0m="arduino:avrdude@6.3.0-arduino17"

2022-11-09 22:48:46 Using browser-only version of superagent in non-browser environment
2022-11-09 22:48:46 Configuring to accept webviews on '^.+\.webview\..+$' hostname.
2022-11-09 22:48:46 root INFO Configuration directory URI: 'file:///home/jasonshi/.theia'
2022-11-09 22:48:46 root INFO Backend Object.initialize: 6.9 ms [Finished 1.028 s after backend start]
2022-11-09 22:48:46 root INFO Backend Object.configure: 6.1 ms [Finished 1.028 s after backend start]
2022-11-09 22:48:46 root INFO Backend MessagingContribution.onStart: 1.4 ms [Finished 1.028 s after backend start]
2022-11-09 22:48:46 root INFO Backend OSBackendApplicationContribution.configure: 0.4 ms [Finished 1.060 s after backend start]
2022-11-09 22:48:46 root INFO Backend DefaultWorkspaceServer.onStart: 0.3 ms [Finished 1.060 s after backend start]
2022-11-09 22:48:46 root INFO Backend LocalizationBackendContribution.configure: 0.1 ms [Finished 1.060 s after backend start]
2022-11-09 22:48:46 root INFO Backend LocalizationBackendContribution.initialize: 32.8 ms [Finished 1.061 s after backend start]
2022-11-09 22:48:46 root INFO Backend TaskBackendApplicationContribution.onStart: 0.2 ms [Finished 1.061 s after backend start]
2022-11-09 22:48:46 root INFO Backend ElectronTokenBackendContribution.configure: 0.8 ms [Finished 1.062 s after backend start]
2022-11-09 22:48:46 root INFO Backend PluginDeployerContribution.initialize: 0.4 ms [Finished 1.062 s after backend start]
2022-11-09 22:48:46 root INFO Backend ConfigServiceImpl.onStart: 0.9 ms [Finished 1.062 s after backend start]
2022-11-09 22:48:46 root INFO Backend WebviewBackendSecurityWarnings.initialize: 0.4 ms [Finished 1.064 s after backend start]
2022-11-09 22:48:46 root INFO Backend ArduinoDaemonImpl.onStart: 1.0 ms [Finished 1.064 s after backend start]
2022-11-09 22:48:46 root INFO Backend NodeFileUploadService.configure: 2.1 ms [Finished 1.065 s after backend start]
2022-11-09 22:48:46 daemon INFO Starting daemon from /tmp/.mount_arduinz1pLzp/resources/app/node_modules/arduino-ide-extension/build/arduino-cli...
2022-11-09 22:48:46 discovery-log INFO start
2022-11-09 22:48:46 discovery-log INFO start new deferred
2022-11-09 22:48:46 root INFO Backend BoardDiscovery.onStart: 1.2 ms [Finished 1.066 s after backend start]
2022-11-09 22:48:46 root INFO Backend FileDownloadEndpoint.configure: 0.8 ms [Finished 1.066 s after backend start]
2022-11-09 22:48:46 root INFO Backend AuthenticationServiceImpl.onStart: 0.6 ms [Finished 1.068 s after backend start]
2022-11-09 22:48:46 root INFO Backend PluginApiContribution.configure: 0.7 ms [Finished 1.068 s after backend start]
2022-11-09 22:48:46 root INFO Backend HostedPluginReader.configure: 0.2 ms [Finished 1.069 s after backend start]
2022-11-09 22:48:46 root INFO Backend HostedPluginReader.configure: 0.1 ms [Finished 1.069 s after backend start]
2022-11-09 22:48:46 root INFO Backend PlotterBackendContribution.configure: 0.9 ms [Finished 1.070 s after backend start]
2022-11-09 22:48:46 root INFO Theia app listening on http://localhost:42131.
2022-11-09 22:48:46 root INFO Finished starting backend application: 4.1 ms [Finished 1.073 s after backend start]
2022-11-09 22:48:46 root WARN The local plugin referenced by local-dir:/home/jasonshi/.arduinoIDE/plugins does not exist.
2022-11-09 22:48:46 root WARN The local plugin referenced by local-dir:/home/jasonshi/.arduinoIDE/extensions does not exist.
2022-11-09 22:48:46 root WARN The local plugin referenced by local-dir:/home/jasonshi/.arduinoProIDE/plugins does not exist.
2022-11-09 22:48:47 root INFO PluginTheiaDirectoryHandler: accepting plugin with path
2022-11-09 22:48:47 root INFO Resolved "cortex-debug" to a VS Code extension "cortex-debug@0.3.10" with engines:
2022-11-09 22:48:47 root INFO PluginTheiaDirectoryHandler: accepting plugin with path
2022-11-09 22:48:47 root INFO Resolved "vscode-arduino-tools" to a VS Code extension "vscode-arduino-tools@0.0.2-beta.5" with engines:
2022-11-09 22:48:47 root INFO PluginTheiaDirectoryHandler: accepting plugin with path
2022-11-09 22:48:47 root INFO Resolved "vscode-builtin-cpp" to a VS Code extension "cpp@1.52.1" with engines:
2022-11-09 22:48:47 root INFO PluginTheiaDirectoryHandler: accepting plugin with path
2022-11-09 22:48:47 root INFO Resolved "vscode-builtin-json" to a VS Code extension "json@1.46.1" with engines:
2022-11-09 22:48:47 root INFO PluginTheiaDirectoryHandler: accepting plugin with path
2022-11-09 22:48:47 root INFO Resolved "vscode-builtin-json-language-features" to a VS Code extension "json-language-features@1.46.1" with engines:
2022-11-09 22:48:47 root INFO PluginTheiaDirectoryHandler: accepting plugin with path
2022-11-09 22:48:47 root INFO Resolved "vscode-language-pack-bg" to a VS Code extension "vscode-language-pack-bg@1.48.3" with engines:
2022-11-09 22:48:47 root INFO PluginTheiaDirectoryHandler: accepting plugin with path
2022-11-09 22:48:47 root INFO Resolved "vscode-language-pack-cs" to a VS Code extension "vscode-language-pack-cs@1.53.2" with engines:
2022-11-09 22:48:47 root INFO PluginTheiaDirectoryHandler: accepting plugin with path
2022-11-09 22:48:47 root INFO Resolved "vscode-language-pack-de" to a VS Code extension "vscode-language-pack-de@1.53.2" with engines:
2022-11-09 22:48:47 root INFO PluginTheiaDirectoryHandler: accepting plugin with path
2022-11-09 22:48:47 root INFO Resolved "vscode-language-pack-es" to a VS Code extension "vscode-language-pack-es@1.53.2" with engines:
2022-11-09 22:48:47 root INFO PluginTheiaDirectoryHandler: accepting plugin with path
2022-11-09 22:48:47 root INFO Resolved "vscode-language-pack-fr" to a VS Code extension "vscode-language-pack-fr@1.53.2" with engines:
2022-11-09 22:48:47 root INFO PluginTheiaDirectoryHandler: accepting plugin with path
2022-11-09 22:48:47 root INFO Resolved "vscode-language-pack-hu" to a VS Code extension "vscode-language-pack-hu@1.48.3" with engines:
2022-11-09 22:48:47 root INFO PluginTheiaDirectoryHandler: accepting plugin with path
2022-11-09 22:48:47 root INFO Resolved "vscode-language-pack-it" to a VS Code extension "vscode-language-pack-it@1.53.2" with engines:
2022-11-09 22:48:47 root INFO PluginTheiaDirectoryHandler: accepting plugin with path
2022-11-09 22:48:47 root INFO Resolved "vscode-language-pack-ja" to a VS Code extension "vscode-language-pack-ja@1.53.2" with engines:
2022-11-09 22:48:47 root INFO PluginTheiaDirectoryHandler: accepting plugin with path
2022-11-09 22:48:47 root INFO Resolved "vscode-language-pack-ko" to a VS Code extension "vscode-language-pack-ko@1.53.2" with engines:
2022-11-09 22:48:47 root INFO PluginTheiaDirectoryHandler: accepting plugin with path
2022-11-09 22:48:47 root INFO Resolved "vscode-language-pack-nl" to a VS Code extension "vscode-language-pack-nl@1.48.3" with engines:
2022-11-09 22:48:47 root INFO PluginTheiaDirectoryHandler: accepting plugin with path
2022-11-09 22:48:47 root INFO Resolved "vscode-language-pack-pl" to a VS Code extension "vscode-language-pack-pl@1.53.2" with engines:
2022-11-09 22:48:47 root INFO PluginTheiaDirectoryHandler: accepting plugin with path
2022-11-09 22:48:47 root INFO Resolved "vscode-language-pack-pt-BR" to a VS Code extension "vscode-language-pack-pt-BR@1.53.2" with engines:
2022-11-09 22:48:47 root INFO PluginTheiaDirectoryHandler: accepting plugin with path
2022-11-09 22:48:47 root INFO Resolved "vscode-language-pack-ru" to a VS Code extension "vscode-language-pack-ru@1.53.2" with engines:
2022-11-09 22:48:47 root INFO PluginTheiaDirectoryHandler: accepting plugin with path
2022-11-09 22:48:47 root INFO Resolved "vscode-language-pack-tr" to a VS Code extension "vscode-language-pack-tr@1.53.2" with engines:
2022-11-09 22:48:47 root INFO PluginTheiaDirectoryHandler: accepting plugin with path
2022-11-09 22:48:47 root INFO Resolved "vscode-language-pack-uk" to a VS Code extension "vscode-language-pack-uk@1.48.3" with engines:
2022-11-09 22:48:47 root INFO PluginTheiaDirectoryHandler: accepting plugin with path
2022-11-09 22:48:47 root INFO Resolved "vscode-language-pack-zh-hans" to a VS Code extension "vscode-language-pack-zh-hans@1.53.2" with engines:
2022-11-09 22:48:47 daemon INFO [36mINFO[0m[0000] Using config file: /home/jasonshi/.arduinoIDE/arduino-cli.yaml 
[36mINFO[0m[0000] arduino-cli version 0.28.0                   
[36mINFO[0m[0000] Executing `arduino-cli daemon`               

2022-11-09 22:48:47 daemon INFO {"IP":"127.0.0.1","Port":"37687"}

2022-11-09 22:48:47 daemon INFO Daemon is running.
2022-11-09 22:48:47 daemon INFO [36mINFO[0m[0000] Loading hardware from: /home/jasonshi/.arduino15/packages 

2022-11-09 22:48:47 daemon INFO [36mINFO[0m[0000] Loading package arduino from: /home/jasonshi/.arduino15/packages/arduino/hardware 

2022-11-09 22:48:47 root INFO Resolve plugins list: 339.6 ms [Finished 1.406 s after backend start]
2022-11-09 22:48:47 root INFO Deployed backend plugin "cortex-debug@0.3.10" from "/tmp/.mount_arduinz1pLzp/resources/app/plugins/cortex-debug/extension/dist/extension": 7.9 ms [Finished 1.414 s after backend start]
2022-11-09 22:48:47 daemon INFO [36mINFO[0m[0000] Checking signature                            [36merror[0m="opening signature file: open /home/jasonshi/.arduino15/packages/arduino/hardware/avr/1.8.6/installed.json.sig: no such file or directory" [36mindex[0m=/home/jasonshi/.arduino15/packages/arduino/hardware/avr/1.8.6/installed.json [36msignatureFile[0m=/home/jasonshi/.arduino15/packages/arduino/hardware/avr/1.8.6/installed.json.sig
[36mINFO[0m[0000] Adding monitor tool                           [36mprotocol[0m=serial [36mtool[0m="builtin:serial-monitor"
[36mINFO[0m[0000] Loaded platform                               [36mplatform[0m="arduino:avr@1.8.6"
[36mINFO[0m[0000] Checking existence of 'tools' path: /home/jasonshi/.arduino15/packages/arduino/tools 
[36mINFO[0m[0000] Loading tools from dir: /home/jasonshi/.arduino15/packages/arduino/tools 
[36mINFO[0m[0000] Loaded tool                                   [36mtool[0m="arduino:arduinoOTA@1.3.0"
[36mINFO[0m[0000] Loaded tool                                   [36mtool[0m="arduino:avr-gcc@7.3.0-atmel3.6.1-arduino7"
[36mINFO[0m[0000] Loaded tool                                   [36mtool[0m="arduino:avrdude@6.3.0-arduino17"
[36mINFO[0m[0000] Loading package builtin from: /home/jasonshi/.arduino15/packages/builtin 
[36mINFO[0m[0000] Checking existence of 'tools' path: /home/jasonshi/.arduino15/packages/builtin/tools 
[36mINFO[0m[0000] Loading tools from dir: /home/jasonshi/.arduino15/packages/builtin/tools 
[36mINFO[0m[0000] Loaded tool                                   [36mtool[0m="builtin:ctags@5.8-arduino11"
[36mINFO[0m[0000] Loaded tool                                   [36mtool[0m="builtin:mdns-discovery@1.0.5"
[36mINFO[0m[0000] Loaded tool                                   [36mtool[0m="builtin:mdns-discovery@1.0.6"
[36mINFO[0m[0000] Loaded tool                                   [36mtool[0m="builtin:serial-discovery@1.3.2"
[36mINFO[0m[0000] Loaded tool                                   [36mtool[0m="builtin:serial-monitor@0.10.0"
[36mINFO[0m[0000] Loaded tool                                   [36mtool[0m="builtin:serial-monitor@0.9.1"

2022-11-09 22:48:47 root INFO Deployed backend plugin "vscode-arduino-tools@0.0.2-beta.5" from "/tmp/.mount_arduinz1pLzp/resources/app/plugins/vscode-arduino-tools/extension/dist/bundle": 3.7 ms [Finished 1.418 s after backend start]
2022-11-09 22:48:47 root INFO Deployed backend plugin "cpp@1.52.1" from "/tmp/.mount_arduinz1pLzp/resources/app/plugins/vscode-builtin-cpp/extension": 24.4 ms [Finished 1.443 s after backend start]
2022-11-09 22:48:47 daemon INFO [36mINFO[0m[0000] Checking signature                            [36mindex[0m=/home/jasonshi/.arduino15/package_index.json [36msignatureFile[0m=/home/jasonshi/.arduino15/package_index.json.sig [36mtrusted[0m=true
[36mINFO[0m[0000] Adding libraries dir                          [36mdir[0m=/home/jasonshi/.arduino15/packages/arduino/hardware/avr/1.8.6/libraries [36mlocation[0m=platform
[36mINFO[0m[0000] Loading libraries index file                  [36mindex[0m=/home/jasonshi/.arduino15/library_index.json

2022-11-09 22:48:47 root INFO Deployed backend plugin "json@1.46.1" from "/tmp/.mount_arduinz1pLzp/resources/app/plugins/vscode-builtin-json/extension": 14.7 ms [Finished 1.457 s after backend start]
2022-11-09 22:48:47 root INFO Deployed backend plugin "json-language-features@1.46.1" from "/tmp/.mount_arduinz1pLzp/resources/app/plugins/vscode-builtin-json-language-features/extension/client/dist/jsonMain": 1.6 ms [Finished 1.459 s after backend start]
2022-11-09 22:48:47 root INFO Deployed backend plugin "vscode-language-pack-bg@1.48.3" from "/tmp/.mount_arduinz1pLzp/resources/app/plugins/vscode-language-pack-bg/extension": 226.2 ms [Finished 1.685 s after backend start]
2022-11-09 22:48:47 daemon INFO [36mINFO[0m[0000] Adding libraries dir                          [36mdir[0m=/home/jasonshi/.arduino15/libraries [36mlocation[0m=ide
[36mINFO[0m[0000] Adding libraries dir                          [36mdir[0m=/home/jasonshi/Arduino/libraries [36mlocation[0m=user

2022-11-09 22:48:47 discovery-log INFO start request start watch
2022-11-09 22:48:47 discovery-log INFO start requested start watch
2022-11-09 22:48:47 discovery-log INFO start resolved watching
2022-11-09 22:48:47 root INFO Deployed backend plugin "vscode-language-pack-cs@1.53.2" from "/tmp/.mount_arduinz1pLzp/resources/app/plugins/vscode-language-pack-cs/extension": 145.7 ms [Finished 1.831 s after backend start]
2022-11-09 22:48:47 discovery-log INFO {"eventType":"add","port":{"matchingBoardsList":[{"name":"Arduino Uno","fqbn":"arduino:avr:uno","isHidden":false}],"port":{"address":"/dev/ttyACM0","label":"/dev/ttyACM0","protocol":"serial","protocolLabel":"Serial Port (USB)","propertiesMap":[["pid","0x0043"],["serialNumber","75830333638351409152"],["vid","0x2341"]]}},"error":""}
2022-11-09 22:48:47 daemon INFO [36mINFO[0m[0000] starting discovery builtin:mdns-discovery process 
[36mINFO[0m[0000] starting discovery builtin:serial-discovery process 
[36mINFO[0m[0000] started discovery builtin:mdns-discovery process 
[36mINFO[0m[0000] sending command HELLO 1 "arduino-cli 0.28.0" to discovery builtin:mdns-discovery 
[36mINFO[0m[0000] started discovery builtin:serial-discovery process 
[36mINFO[0m[0000] sending command HELLO 1 "arduino-cli 0.28.0" to discovery builtin:serial-discovery 
[36mINFO[0m[0000] from discovery builtin:serial-discovery received message type: hello, message: OK, protocol version: 1 
[36mINFO[0m[0000] sending command START_SYNC to discovery builtin:serial-discovery 
[36mINFO[0m[0000] from discovery builtin:serial-discovery received message type: start_sync, message: OK 
[36mINFO[0m[0000] from discovery builtin:serial-discovery received message type: add, port: /dev/ttyACM0 
[36mINFO[0m[0000] from discovery builtin:mdns-discovery received message type: hello, message: OK, protocol version: 1 
[36mINFO[0m[0000] sending command START_SYNC to discovery builtin:mdns-discovery 
[36mINFO[0m[0000] from discovery builtin:mdns-discovery received message type: start_sync, message: OK 

2022-11-09 22:48:47 root INFO Deployed backend plugin "vscode-language-pack-de@1.53.2" from "/tmp/.mount_arduinz1pLzp/resources/app/plugins/vscode-language-pack-de/extension": 77.9 ms [Finished 1.909 s after backend start]
2022-11-09 22:48:47 root INFO Deployed backend plugin "vscode-language-pack-es@1.53.2" from "/tmp/.mount_arduinz1pLzp/resources/app/plugins/vscode-language-pack-es/extension": 57.2 ms [Finished 1.966 s after backend start]
2022-11-09 22:48:47 root INFO Deployed backend plugin "vscode-language-pack-fr@1.53.2" from "/tmp/.mount_arduinz1pLzp/resources/app/plugins/vscode-language-pack-fr/extension": 41.7 ms [Finished 2.008 s after backend start]
2022-11-09 22:48:47 root INFO Deployed backend plugin "vscode-language-pack-hu@1.48.3" from "/tmp/.mount_arduinz1pLzp/resources/app/plugins/vscode-language-pack-hu/extension": 55.0 ms [Finished 2.063 s after backend start]
2022-11-09 22:48:47 root INFO Deployed backend plugin "vscode-language-pack-it@1.53.2" from "/tmp/.mount_arduinz1pLzp/resources/app/plugins/vscode-language-pack-it/extension": 53.7 ms [Finished 2.116 s after backend start]
2022-11-09 22:48:48 root INFO Deployed backend plugin "vscode-language-pack-ja@1.53.2" from "/tmp/.mount_arduinz1pLzp/resources/app/plugins/vscode-language-pack-ja/extension": 70.9 ms [Finished 2.187 s after backend start]
2022-11-09 22:48:48 root INFO Deployed backend plugin "vscode-language-pack-ko@1.53.2" from "/tmp/.mount_arduinz1pLzp/resources/app/plugins/vscode-language-pack-ko/extension": 56.4 ms [Finished 2.244 s after backend start]
2022-11-09 22:48:48 root INFO Deployed backend plugin "vscode-language-pack-nl@1.48.3" from "/tmp/.mount_arduinz1pLzp/resources/app/plugins/vscode-language-pack-nl/extension": 19.9 ms [Finished 2.264 s after backend start]
2022-11-09 22:48:48 root INFO Deployed backend plugin "vscode-language-pack-pl@1.53.2" from "/tmp/.mount_arduinz1pLzp/resources/app/plugins/vscode-language-pack-pl/extension": 47.6 ms [Finished 2.311 s after backend start]
2022-11-09 22:48:48 root INFO Deployed backend plugin "vscode-language-pack-pt-BR@1.53.2" from "/tmp/.mount_arduinz1pLzp/resources/app/plugins/vscode-language-pack-pt-BR/extension": 56.7 ms [Finished 2.368 s after backend start]
2022-11-09 22:48:48 root INFO Deployed backend plugin "vscode-language-pack-ru@1.53.2" from "/tmp/.mount_arduinz1pLzp/resources/app/plugins/vscode-language-pack-ru/extension": 73.0 ms [Finished 2.441 s after backend start]
2022-11-09 22:48:48 root INFO Deployed backend plugin "vscode-language-pack-tr@1.53.2" from "/tmp/.mount_arduinz1pLzp/resources/app/plugins/vscode-language-pack-tr/extension": 43.9 ms [Finished 2.485 s after backend start]
2022-11-09 22:48:48 root INFO Deployed backend plugin "vscode-language-pack-uk@1.48.3" from "/tmp/.mount_arduinz1pLzp/resources/app/plugins/vscode-language-pack-uk/extension": 38.5 ms [Finished 2.524 s after backend start]
2022-11-09 22:48:48 root INFO Deployed backend plugin "vscode-language-pack-zh-hans@1.53.2" from "/tmp/.mount_arduinz1pLzp/resources/app/plugins/vscode-language-pack-zh-hans/extension": 43.5 ms [Finished 2.567 s after backend start]
2022-11-09 22:48:48 root INFO Deploy plugins list: 339.6 ms [Finished 2.572 s after backend start]
2022-11-09 22:48:48 sketches-service WARN Warning! The request sketch path was different than the response sketch path from the CLI. This could be a potential bug. Request: </home/jasonshi/Arduino/motor/motor.ino>, response: </home/jasonshi/Arduino/motor>.
2022-11-09 22:48:49 root WARN Frontend s.configure took longer than the expected maximum 100 milliseconds: 129.6 ms [Finished 1.850 s after frontend start]
2022-11-09 22:48:49 root INFO Start frontend contributions: 484.4 ms [Finished 2.149 s after frontend start]
2022-11-09 22:48:49 root INFO Changed application state from 'init' to 'started_contributions'.
2022-11-09 22:48:49 root INFO Changed application state from 'started_contributions' to 'attached_shell'.
2022-11-09 22:48:49 root INFO >>> Restoring the layout state...
2022-11-09 22:48:49 root INFO ------- SERIALIZED LAYOUT DATA -------
2022-11-09 22:48:49 root INFO {"version":5,"mainPanel":{"main":{"type":"tab-area","widgets":[{"constructionOptions":{"factoryId":"code-editor-opener","options":{"kind":"navigatable","uri":"file:///home/jasonshi/Arduino/motor/motor.ino","counter":0}},"innerWidgetState":"{\"cursorState\":[{\"inSelectionMode\":false,\"selectionStart\":{\"lineNumber\":7,\"column\":15},\"position\":{\"lineNumber\":7,\"column\":15}}],\"viewState\":{\"scrollLeft\":0,\"firstPosition\":{\"lineNumber\":1,\"column\":1},\"firstPositionDeltaTop\":0},\"contributionsState\":{\"editor.contrib.folding\":{\"lineCount\":21,\"provider\":\"indent\",\"foldedImports\":false},\"editor.contrib.wordHighlighter\":false}}"}],"currentIndex":0}},"mainPanelPinned":[false],"bottomPanel":{"config":{"main":{"type":"tab-area","widgets":[{"constructionOptions":{"factoryId":"outputView"},"innerWidgetState":"{\"locked\":false}"}],"currentIndex":0}},"pinned":[false],"size":370,"expanded":true},"leftPanel":{"type":"sidepanel","items":[{"widget":{"constructionOptions":{"factoryId":"arduino-sketchbook-widget"}},"rank":1,"expanded":false,"pinned":false},{"widget":{"constructionOptions":{"factoryId":"boards-list-widget"}},"rank":2,"expanded":false,"pinned":false},{"widget":{"constructionOptions":{"factoryId":"library-list-widget"}},"rank":3,"expanded":false,"pinned":false},{"widget":{"constructionOptions":{"factoryId":"debug"},"innerWidgetState":"{\"parts\":[{\"partId\":\"debug:threads:-1\",\"collapsed\":false,\"hidden\":false,\"originalContainerId\":\"debug:view-container:-1\",\"originalContainerTitle\":{\"label\":\"debug\",\"iconClass\":\"codicon codicon-debug-alt\",\"closeable\":true}},{\"partId\":\"debug:frames:-1\",\"collapsed\":false,\"hidden\":false,\"originalContainerId\":\"debug:view-container:-1\",\"originalContainerTitle\":{\"label\":\"debug\",\"iconClass\":\"codicon codicon-debug-alt\",\"closeable\":true}},{\"partId\":\"debug:variables:-1\",\"collapsed\":false,\"hidden\":false,\"originalContainerId\":\"debug:view-container:-1\",\"originalContainerTitle\":{\"label\":\"debug\",\"iconClass\":\"codicon codicon-debug-alt\",\"closeable\":true}},{\"partId\":\"debug:watch:-1\",\"collapsed\":false,\"hidden\":false,\"originalContainerId\":\"debug:view-container:-1\",\"originalContainerTitle\":{\"label\":\"debug\",\"iconClass\":\"codicon codicon-debug-alt\",\"closeable\":true}},{\"partId\":\"debug:breakpoints:-1\",\"collapsed\":false,\"hidden\":false,\"originalContainerId\":\"debug:view-container:-1\",\"originalContainerTitle\":{\"label\":\"debug\",\"iconClass\":\"codicon codicon-debug-alt\",\"closeable\":true}},{\"widget\":{\"constructionOptions\":{\"factoryId\":\"plugin-view\",\"options\":{\"id\":\"plugin-view:cortex-debug.peripherals\",\"viewId\":\"cortex-debug.peripherals\"}},\"innerWidgetState\":\"{\\\"label\\\":\\\"Cortex Peripherals\\\",\\\"widgets\\\":[],\\\"suppressUpdateViewVisibility\\\":false,\\\"currentViewContainerId\\\":\\\"debug\\\"}\"},\"partId\":\"plugin-view:cortex-debug.peripherals\",\"collapsed\":true,\"hidden\":true,\"originalContainerId\":\"debug:view-container:-1\",\"originalContainerTitle\":{\"label\":\"debug\",\"iconClass\":\"codicon codicon-debug-alt\",\"closeable\":true}},{\"widget\":{\"constructionOptions\":{\"factoryId\":\"plugin-view\",\"options\":{\"id\":\"plugin-view:cortex-debug.registers\",\"viewId\":\"cortex-debug.registers\"}},\"innerWidgetState\":\"{\\\"label\\\":\\\"Cortex Registers\\\",\\\"widgets\\\":[],\\\"suppressUpdateViewVisibility\\\":false,\\\"currentViewContainerId\\\":\\\"debug\\\"}\"},\"partId\":\"plugin-view:cortex-debug.registers\",\"collapsed\":true,\"hidden\":true,\"originalContainerId\":\"debug:view-container:-1\",\"originalContainerTitle\":{\"label\":\"debug\",\"iconClass\":\"codicon codicon-debug-alt\",\"closeable\":true}}],\"title\":{\"label\":\"debug\",\"iconClass\":\"codicon codicon-debug-alt\",\"closeable\":true}}"},"rank":4,"expanded":false,"pinned":false},{"widget":{"constructionOptions":{"factoryId":"search-view-container"},"innerWidgetState":"{\"parts\":[{\"widget\":{\"constructionOptions\":{\"factoryId\":\"search-in-workspace\"},\"innerWidgetState\":\"{\\\"matchCaseState\\\":{\\\"className\\\":\\\"codicon codicon-case-sensitive\\\",\\\"enabled\\\":false,\\\"title\\\":\\\"Match Case\\\"},\\\"wholeWordState\\\":{\\\"className\\\":\\\"codicon codicon-whole-word\\\",\\\"enabled\\\":false,\\\"title\\\":\\\"Match Whole Word\\\"},\\\"regExpState\\\":{\\\"className\\\":\\\"codicon codicon-regex\\\",\\\"enabled\\\":false,\\\"title\\\":\\\"Use Regular Expression\\\"},\\\"includeIgnoredState\\\":{\\\"className\\\":\\\"codicon codicon-eye\\\",\\\"enabled\\\":false,\\\"title\\\":\\\"Include Ignored Files\\\"},\\\"showSearchDetails\\\":false,\\\"searchInWorkspaceOptions\\\":{\\\"matchCase\\\":false,\\\"matchWholeWord\\\":false,\\\"useRegExp\\\":false,\\\"includeIgnored\\\":false,\\\"include\\\":[],\\\"exclude\\\":[],\\\"maxResults\\\":2000},\\\"searchTerm\\\":\\\"\\\",\\\"replaceTerm\\\":\\\"\\\",\\\"showReplaceField\\\":false,\\\"searchHistoryState\\\":{\\\"history\\\":[],\\\"index\\\":0},\\\"replaceHistoryState\\\":{\\\"history\\\":[],\\\"index\\\":0},\\\"includeHistoryState\\\":{\\\"history\\\":[],\\\"index\\\":0},\\\"excludeHistoryState\\\":{\\\"history\\\":[],\\\"index\\\":0}}\"},\"partId\":\"search-in-workspace\",\"collapsed\":false,\"hidden\":false,\"originalContainerId\":\"search-view-container\",\"originalContainerTitle\":{\"label\":\"Search\",\"iconClass\":\"codicon codicon-search\",\"closeable\":true}}],\"title\":{\"label\":\"Search\",\"iconClass\":\"fa fa-arduino-search\",\"closeable\":true}}"},"rank":5,"expanded":false,"pinned":false}]},"rightPanel":{"type":"sidepanel","items":[]}}
2022-11-09 22:48:49 root INFO ------- END SERIALIZED LAYOUT DATA -------
2022-11-09 22:48:49 root INFO [8d429863-fd37-4f2c-b118-bccfcfa02dc4] Waiting for backend deployment: 80.7 ms [Finished 2.226 s after frontend start]
2022-11-09 22:48:49 root ERROR Request initAuthSession failed with error: The name is not activatable
2022-11-09 22:48:49 root INFO [hosted-plugin: 116926] PLUGIN_HOST(116926) starting instance
2022-11-09 22:48:50 root INFO [8d429863-fd37-4f2c-b118-bccfcfa02dc4] Sync of 21 plugins: 742.5 ms [Finished 2.969 s after frontend start]
2022-11-09 22:48:50 root INFO <<< The layout has been successfully restored.
2022-11-09 22:48:50 root INFO Initialize the workbench layout: 1014.8 ms [Finished 3.198 s after frontend start]
2022-11-09 22:48:50 root INFO Changed application state from 'attached_shell' to 'initialized_layout'.
2022-11-09 22:48:50 root INFO [8d429863-fd37-4f2c-b118-bccfcfa02dc4][marus25.cortex-debug]: Loaded contributions.
2022-11-09 22:48:50 root INFO [8d429863-fd37-4f2c-b118-bccfcfa02dc4][arduino.vscode-arduino-tools]: Loaded contributions.
2022-11-09 22:48:50 root INFO [8d429863-fd37-4f2c-b118-bccfcfa02dc4][vscode.cpp]: Loaded contributions.
2022-11-09 22:48:50 root INFO [8d429863-fd37-4f2c-b118-bccfcfa02dc4][vscode.json]: Loaded contributions.
2022-11-09 22:48:50 root INFO [8d429863-fd37-4f2c-b118-bccfcfa02dc4][vscode.json-language-features]: Loaded contributions.
2022-11-09 22:48:50 root INFO [8d429863-fd37-4f2c-b118-bccfcfa02dc4][ms-ceintl.vscode-language-pack-bg]: Loaded contributions.
2022-11-09 22:48:50 root INFO [8d429863-fd37-4f2c-b118-bccfcfa02dc4][ms-ceintl.vscode-language-pack-cs]: Loaded contributions.
2022-11-09 22:48:50 root INFO [8d429863-fd37-4f2c-b118-bccfcfa02dc4][ms-ceintl.vscode-language-pack-de]: Loaded contributions.
2022-11-09 22:48:50 root INFO [8d429863-fd37-4f2c-b118-bccfcfa02dc4][ms-ceintl.vscode-language-pack-es]: Loaded contributions.
2022-11-09 22:48:50 root INFO [8d429863-fd37-4f2c-b118-bccfcfa02dc4][ms-ceintl.vscode-language-pack-fr]: Loaded contributions.
2022-11-09 22:48:50 root INFO [8d429863-fd37-4f2c-b118-bccfcfa02dc4][ms-ceintl.vscode-language-pack-hu]: Loaded contributions.
2022-11-09 22:48:50 root INFO [8d429863-fd37-4f2c-b118-bccfcfa02dc4][ms-ceintl.vscode-language-pack-it]: Loaded contributions.
2022-11-09 22:48:50 root INFO [8d429863-fd37-4f2c-b118-bccfcfa02dc4][ms-ceintl.vscode-language-pack-ja]: Loaded contributions.
2022-11-09 22:48:50 root INFO [8d429863-fd37-4f2c-b118-bccfcfa02dc4][ms-ceintl.vscode-language-pack-ko]: Loaded contributions.
2022-11-09 22:48:50 root INFO [8d429863-fd37-4f2c-b118-bccfcfa02dc4][ms-ceintl.vscode-language-pack-nl]: Loaded contributions.
2022-11-09 22:48:50 root INFO [8d429863-fd37-4f2c-b118-bccfcfa02dc4][ms-ceintl.vscode-language-pack-pl]: Loaded contributions.
2022-11-09 22:48:50 root INFO [8d429863-fd37-4f2c-b118-bccfcfa02dc4][ms-ceintl.vscode-language-pack-pt-br]: Loaded contributions.
2022-11-09 22:48:50 root INFO [8d429863-fd37-4f2c-b118-bccfcfa02dc4][ms-ceintl.vscode-language-pack-ru]: Loaded contributions.
2022-11-09 22:48:50 root INFO [8d429863-fd37-4f2c-b118-bccfcfa02dc4][ms-ceintl.vscode-language-pack-tr]: Loaded contributions.
2022-11-09 22:48:50 root INFO [8d429863-fd37-4f2c-b118-bccfcfa02dc4][ms-ceintl.vscode-language-pack-uk]: Loaded contributions.
2022-11-09 22:48:50 root INFO [8d429863-fd37-4f2c-b118-bccfcfa02dc4][ms-ceintl.vscode-language-pack-zh-hans]: Loaded contributions.
2022-11-09 22:48:50 root INFO [8d429863-fd37-4f2c-b118-bccfcfa02dc4] Load contributions of 21 plugins: 85.1 ms [Finished 3.284 s after frontend start]
2022-11-09 22:48:50 root WARN 'cpp' language is remapped from 'source.cpp.embedded.macro' to 'source.cpp' scope
2022-11-09 22:48:50 root WARN a registered grammar configuration for 'cpp' language is overridden
2022-11-09 22:48:50 root INFO [hosted-plugin: 116926] PLUGIN_HOST(116926): PluginManagerExtImpl/init()
2022-11-09 22:48:50 root INFO [hosted-plugin: 116926] PLUGIN_HOST(116926): initializing(cortex-debug@0.3.10 with /tmp/.mount_arduinz1pLzp/resources/app/node_modules/@theia/plugin-ext-vscode/lib/node/plugin-vscode-init)
2022-11-09 22:48:50 root INFO [hosted-plugin: 116926] Debugger contribution has been registered: cortex-debug
2022-11-09 22:48:50 root INFO [hosted-plugin: 116926] PLUGIN_HOST(116926): initializing(vscode-arduino-tools@0.0.2-beta.5 with /tmp/.mount_arduinz1pLzp/resources/app/node_modules/@theia/plugin-ext-vscode/lib/node/plugin-vscode-init)
2022-11-09 22:48:50 root INFO [hosted-plugin: 116926] PLUGIN_HOST(116926): initializing(cpp@1.52.1 with /tmp/.mount_arduinz1pLzp/resources/app/node_modules/@theia/plugin-ext-vscode/lib/node/plugin-vscode-init)
PLUGIN_HOST(116926): initializing(json@1.46.1 with /tmp/.mount_arduinz1pLzp/resources/app/node_modules/@theia/plugin-ext-vscode/lib/node/plugin-vscode-init)
2022-11-09 22:48:50 root INFO [hosted-plugin: 116926] PLUGIN_HOST(116926): initializing(json-language-features@1.46.1 with /tmp/.mount_arduinz1pLzp/resources/app/node_modules/@theia/plugin-ext-vscode/lib/node/plugin-vscode-init)
2022-11-09 22:48:50 root INFO [hosted-plugin: 116926] PLUGIN_HOST(116926): initializing(vscode-language-pack-bg@1.48.3 with /tmp/.mount_arduinz1pLzp/resources/app/node_modules/@theia/plugin-ext-vscode/lib/node/plugin-vscode-init)
2022-11-09 22:48:50 root INFO [hosted-plugin: 116926] PLUGIN_HOST(116926): initializing(vscode-language-pack-cs@1.53.2 with /tmp/.mount_arduinz1pLzp/resources/app/node_modules/@theia/plugin-ext-vscode/lib/node/plugin-vscode-init)
2022-11-09 22:48:50 root INFO [hosted-plugin: 116926] PLUGIN_HOST(116926): initializing(vscode-language-pack-de@1.53.2 with /tmp/.mount_arduinz1pLzp/resources/app/node_modules/@theia/plugin-ext-vscode/lib/node/plugin-vscode-init)
2022-11-09 22:48:50 root INFO [hosted-plugin: 116926] PLUGIN_HOST(116926): initializing(vscode-language-pack-es@1.53.2 with /tmp/.mount_arduinz1pLzp/resources/app/node_modules/@theia/plugin-ext-vscode/lib/node/plugin-vscode-init)
2022-11-09 22:48:50 root INFO [hosted-plugin: 116926] PLUGIN_HOST(116926): initializing(vscode-language-pack-fr@1.53.2 with /tmp/.mount_arduinz1pLzp/resources/app/node_modules/@theia/plugin-ext-vscode/lib/node/plugin-vscode-init)
2022-11-09 22:48:50 root INFO [hosted-plugin: 116926] PLUGIN_HOST(116926): initializing(vscode-language-pack-hu@1.48.3 with /tmp/.mount_arduinz1pLzp/resources/app/node_modules/@theia/plugin-ext-vscode/lib/node/plugin-vscode-init)
2022-11-09 22:48:50 root INFO [hosted-plugin: 116926] PLUGIN_HOST(116926): initializing(vscode-language-pack-it@1.53.2 with /tmp/.mount_arduinz1pLzp/resources/app/node_modules/@theia/plugin-ext-vscode/lib/node/plugin-vscode-init)
2022-11-09 22:48:50 root INFO [hosted-plugin: 116926] PLUGIN_HOST(116926): initializing(vscode-language-pack-ja@1.53.2 with /tmp/.mount_arduinz1pLzp/resources/app/node_modules/@theia/plugin-ext-vscode/lib/node/plugin-vscode-init)
2022-11-09 22:48:50 root INFO [hosted-plugin: 116926] PLUGIN_HOST(116926): initializing(vscode-language-pack-ko@1.53.2 with /tmp/.mount_arduinz1pLzp/resources/app/node_modules/@theia/plugin-ext-vscode/lib/node/plugin-vscode-init)
2022-11-09 22:48:50 root INFO [hosted-plugin: 116926] PLUGIN_HOST(116926): initializing(vscode-language-pack-nl@1.48.3 with /tmp/.mount_arduinz1pLzp/resources/app/node_modules/@theia/plugin-ext-vscode/lib/node/plugin-vscode-init)
2022-11-09 22:48:50 root INFO [hosted-plugin: 116926] PLUGIN_HOST(116926): initializing(vscode-language-pack-pl@1.53.2 with /tmp/.mount_arduinz1pLzp/resources/app/node_modules/@theia/plugin-ext-vscode/lib/node/plugin-vscode-init)
2022-11-09 22:48:50 root INFO [hosted-plugin: 116926] PLUGIN_HOST(116926): initializing(vscode-language-pack-pt-BR@1.53.2 with /tmp/.mount_arduinz1pLzp/resources/app/node_modules/@theia/plugin-ext-vscode/lib/node/plugin-vscode-init)
2022-11-09 22:48:50 root INFO [hosted-plugin: 116926] PLUGIN_HOST(116926): initializing(vscode-language-pack-ru@1.53.2 with /tmp/.mount_arduinz1pLzp/resources/app/node_modules/@theia/plugin-ext-vscode/lib/node/plugin-vscode-init)
2022-11-09 22:48:50 root INFO [hosted-plugin: 116926] PLUGIN_HOST(116926): initializing(vscode-language-pack-tr@1.53.2 with /tmp/.mount_arduinz1pLzp/resources/app/node_modules/@theia/plugin-ext-vscode/lib/node/plugin-vscode-init)
2022-11-09 22:48:50 root INFO [hosted-plugin: 116926] PLUGIN_HOST(116926): initializing(vscode-language-pack-uk@1.48.3 with /tmp/.mount_arduinz1pLzp/resources/app/node_modules/@theia/plugin-ext-vscode/lib/node/plugin-vscode-init)
2022-11-09 22:48:50 root INFO [hosted-plugin: 116926] PLUGIN_HOST(116926): initializing(vscode-language-pack-zh-hans@1.53.2 with /tmp/.mount_arduinz1pLzp/resources/app/node_modules/@theia/plugin-ext-vscode/lib/node/plugin-vscode-init)
2022-11-09 22:48:50 root INFO [hosted-plugin: 116926] PLUGIN_HOST(116926): PluginManagerExtImpl/loadPlugin(/tmp/.mount_arduinz1pLzp/resources/app/plugins/vscode-builtin-json-language-features/extension/client/dist/jsonMain)
2022-11-09 22:48:50 root INFO [hosted-plugin: 116926] PLUGIN_HOST(116926): PluginManagerExtImpl/loadPlugin(/tmp/.mount_arduinz1pLzp/resources/app/plugins/vscode-arduino-tools/extension/dist/bundle)
2022-11-09 22:48:50 root INFO [8d429863-fd37-4f2c-b118-bccfcfa02dc4][marus25.cortex-debug]: Started plugin.
2022-11-09 22:48:50 root INFO [8d429863-fd37-4f2c-b118-bccfcfa02dc4][arduino.vscode-arduino-tools]: Started plugin.
2022-11-09 22:48:50 root INFO [8d429863-fd37-4f2c-b118-bccfcfa02dc4][vscode.cpp]: Started plugin.
2022-11-09 22:48:50 root INFO [8d429863-fd37-4f2c-b118-bccfcfa02dc4][vscode.json]: Started plugin.
2022-11-09 22:48:50 root INFO [8d429863-fd37-4f2c-b118-bccfcfa02dc4][vscode.json-language-features]: Started plugin.
2022-11-09 22:48:50 root INFO [8d429863-fd37-4f2c-b118-bccfcfa02dc4][ms-ceintl.vscode-language-pack-bg]: Started plugin.
2022-11-09 22:48:50 root INFO [8d429863-fd37-4f2c-b118-bccfcfa02dc4][ms-ceintl.vscode-language-pack-cs]: Started plugin.
2022-11-09 22:48:50 root INFO [8d429863-fd37-4f2c-b118-bccfcfa02dc4][ms-ceintl.vscode-language-pack-de]: Started plugin.
2022-11-09 22:48:50 root INFO [8d429863-fd37-4f2c-b118-bccfcfa02dc4][ms-ceintl.vscode-language-pack-es]: Started plugin.
2022-11-09 22:48:50 root INFO [8d429863-fd37-4f2c-b118-bccfcfa02dc4][ms-ceintl.vscode-language-pack-fr]: Started plugin.
2022-11-09 22:48:50 root INFO [8d429863-fd37-4f2c-b118-bccfcfa02dc4][ms-ceintl.vscode-language-pack-hu]: Started plugin.
2022-11-09 22:48:50 root INFO [8d429863-fd37-4f2c-b118-bccfcfa02dc4][ms-ceintl.vscode-language-pack-it]: Started plugin.
2022-11-09 22:48:50 root INFO [8d429863-fd37-4f2c-b118-bccfcfa02dc4][ms-ceintl.vscode-language-pack-ja]: Started plugin.
2022-11-09 22:48:50 root INFO [8d429863-fd37-4f2c-b118-bccfcfa02dc4][ms-ceintl.vscode-language-pack-ko]: Started plugin.
2022-11-09 22:48:50 root INFO [8d429863-fd37-4f2c-b118-bccfcfa02dc4][ms-ceintl.vscode-language-pack-nl]: Started plugin.
2022-11-09 22:48:50 root INFO [8d429863-fd37-4f2c-b118-bccfcfa02dc4][ms-ceintl.vscode-language-pack-pl]: Started plugin.
2022-11-09 22:48:50 root INFO [8d429863-fd37-4f2c-b118-bccfcfa02dc4][ms-ceintl.vscode-language-pack-pt-br]: Started plugin.
2022-11-09 22:48:50 root INFO [8d429863-fd37-4f2c-b118-bccfcfa02dc4][ms-ceintl.vscode-language-pack-ru]: Started plugin.
2022-11-09 22:48:50 root INFO [8d429863-fd37-4f2c-b118-bccfcfa02dc4][ms-ceintl.vscode-language-pack-tr]: Started plugin.
2022-11-09 22:48:50 root INFO [8d429863-fd37-4f2c-b118-bccfcfa02dc4][ms-ceintl.vscode-language-pack-uk]: Started plugin.
2022-11-09 22:48:50 root INFO [8d429863-fd37-4f2c-b118-bccfcfa02dc4][ms-ceintl.vscode-language-pack-zh-hans]: Started plugin.
2022-11-09 22:48:50 root INFO [8d429863-fd37-4f2c-b118-bccfcfa02dc4] Start of 21 plugins: 462.4 ms [Finished 3.754 s after frontend start]
2022-11-09 22:48:51 root INFO Frontend application start: 2638.4 ms [Finished 5.717 s after backend start]
2022-11-09 22:48:51 root INFO Replace loading indicator with ready workbench UI (animation): 867.6 ms [Finished 4.155 s after frontend start]
2022-11-09 22:48:51 root INFO Changed application state from 'initialized_layout' to 'ready'.
2022-11-09 22:48:52 root ERROR ---- !!!SLOW!!! DURATION: search took 895.001 ms. Args: [{"type":"Updatable"}] ----
2022-11-09 22:48:52 root INFO Starting language server: arduino:avr:uno
2022-11-09 22:48:52 daemon INFO [36mINFO[0m[0005] Searching tools required for board arduino:avr:uno 

2022-11-09 22:48:52 daemon INFO [36mINFO[0m[0005] Required tool                                 [36mtool[0m="arduino:arduinoOTA@1.3.0"
[36mINFO[0m[0005] Required tool                                 [36mtool[0m="arduino:avr-gcc@7.3.0-atmel3.6.1-arduino7"
[36mINFO[0m[0005] Required tool                                 [36mtool[0m="arduino:avrdude@6.3.0-arduino17"
[36mINFO[0m[0005] Adding libraries dir                          [36mdir[0m=/home/jasonshi/.arduino15/libraries [36mlocation[0m=ide
[36mINFO[0m[0005] Adding libraries dir                          [36mdir[0m=/home/jasonshi/.arduino15/packages/arduino/hardware/avr/1.8.6/libraries [36mlocation[0m=platform
[36mINFO[0m[0005] Adding libraries dir                          [36mdir[0m=/home/jasonshi/Arduino/libraries [36mlocation[0m=user

2022-11-09 22:48:52 daemon INFO [36mINFO[0m[0005] Searching tools required for board arduino:avr:uno 
[36mINFO[0m[0005] Required tool                                 [36mtool[0m="arduino:arduinoOTA@1.3.0"

2022-11-09 22:48:52 daemon INFO [36mINFO[0m[0005] Required tool                                 [36mtool[0m="arduino:avr-gcc@7.3.0-atmel3.6.1-arduino7"
[36mINFO[0m[0005] Required tool                                 [36mtool[0m="arduino:avrdude@6.3.0-arduino17"

